#
# A fatal error has been detected by the Java Runtime Environment:
#
#  SIGSEGV (0xb) at pc=0x00007f08fbc9da37, pid=25031, tid=25036
#
# JRE version: OpenJDK Runtime Environment Temurin-17.0.8+7 (17.0.8+7) (build 17.0.8+7)
# Java VM: OpenJDK 64-Bit Server VM Temurin-17.0.8+7 (17.0.8+7, mixed mode, tiered, compressed oops, compressed class ptrs, g1 gc, linux-amd64)
# Problematic frame:
# C  [libtesseract.so+0x9da37]  tesseract::Tesseract::recog_all_words(PAGE_RES*, ETEXT_DESC*, TBOX const*, char const*, int)+0x347
#
# Core dump will be written. Default location: Core dumps may be processed with "/usr/share/apport/apport -p%p -s%s -c%c -d%d -P%P -u%u -g%g -- %E" (or dumping to /home/vinic/Documents/development/java/ocr/core.25031)
#
# If you would like to submit a bug report, please visit:
#   https://github.com/adoptium/adoptium-support/issues
# The crash happened outside the Java Virtual Machine in native code.
# See problematic frame for where to report the bug.
#

---------------  S U M M A R Y ------------

Command Line: -Dfile.encoding=UTF-8 --module-path=/home/vinic/Documents/development/java/ocr/bin:/home/vinic/Documents/development/java/ocr/lib/jna-4.1.0.jar:/home/vinic/Documents/development/java/ocr/lib/tess4j-3.4.8.jar -XX:+ShowCodeDetailsInExceptionMessages -Djdk.module.main=ocr ocr/com.ocr.TestOCR

Host: Intel(R) Core(TM) i5-10300H CPU @ 2.50GHz, 8 cores, 7G, Ubuntu 22.04.2 LTS
Time: Sat Aug  5 14:28:10 2023 -03 elapsed time: 0.464960 seconds (0d 0h 0m 0s)

---------------  T H R E A D  ---------------

Current thread (0x00007f0964026130):  JavaThread "main" [_thread_in_native, id=25036, stack(0x00007f0968900000,0x00007f0968a00000)]

Stack: [0x00007f0968900000,0x00007f0968a00000],  sp=0x00007f09689fd620,  free space=1013k
Native frames: (J=compiled Java code, j=interpreted, Vv=VM code, C=native code)
C  [libtesseract.so+0x9da37]  tesseract::Tesseract::recog_all_words(PAGE_RES*, ETEXT_DESC*, TBOX const*, char const*, int)+0x347

Java frames: (J=compiled Java code, j=interpreted, Vv=VM code)
j  com.sun.jna.Native.invokePointer(JI[Ljava/lang/Object;)J+0 jna@4.1.0
j  com.sun.jna.Function.invokePointer(I[Ljava/lang/Object;)Lcom/sun/jna/Pointer;+6 jna@4.1.0
j  com.sun.jna.Function.invoke([Ljava/lang/Object;Ljava/lang/Class;Z)Ljava/lang/Object;+426 jna@4.1.0
j  com.sun.jna.Function.invoke(Ljava/lang/Class;[Ljava/lang/Object;Ljava/util/Map;)Ljava/lang/Object;+262 jna@4.1.0
j  com.sun.jna.Library$Handler.invoke(Ljava/lang/Object;Ljava/lang/reflect/Method;[Ljava/lang/Object;)Ljava/lang/Object;+316 jna@4.1.0
j  jdk.proxy1.$Proxy0.TessBaseAPIGetUTF8Text(Lnet/sourceforge/tess4j/ITessAPI$TessBaseAPI;)Lcom/sun/jna/Pointer;+16 jdk.proxy1
j  net.sourceforge.tess4j.Tesseract.getOCRText(Ljava/lang/String;I)Ljava/lang/String;+62 tess4j@3.4.8
j  net.sourceforge.tess4j.Tesseract.doOCR(Ljava/util/List;Ljava/lang/String;Ljava/awt/Rectangle;)Ljava/lang/String;+69 tess4j@3.4.8
j  net.sourceforge.tess4j.Tesseract.doOCR(Ljava/io/File;Ljava/awt/Rectangle;)Ljava/lang/String;+10 tess4j@3.4.8
j  net.sourceforge.tess4j.Tesseract.doOCR(Ljava/io/File;)Ljava/lang/String;+3 tess4j@3.4.8
j  com.ocr.TestOCR.main([Ljava/lang/String;)V+44 ocr
v  ~StubRoutines::call_stub

siginfo: si_signo: 11 (SIGSEGV), si_code: 1 (SEGV_MAPERR), si_addr: 0x000000000000000c

Register to memory mapping:

RAX=0x0 is NULL
RBX=0x00007f09645a6480 points into unknown readable memory: 0x00007f08fbf036b8 | b8 36 f0 fb 08 7f 00 00
RCX=0x00007f09645c7e08 points into unknown readable memory: 0x0000000000000000 | 00 00 00 00 00 00 00 00
RDX=0x0 is NULL
RSP=0x00007f09689fd620 is pointing into the stack for thread: 0x00007f0964026130
RBP=0x00007f09689fd670 is pointing into the stack for thread: 0x00007f0964026130
RSI=0x0 is NULL
RDI=0x00007f09689fd720 is pointing into the stack for thread: 0x00007f0964026130
R8 =0x00007f09641fe1d0 points into unknown readable memory: 0x00007f0964578170 | 70 81 57 64 09 7f 00 00
R9 =0x0 is NULL
R10=0x00007f0964793000 points into unknown readable memory: 0xffe80301e803ffe8 | e8 ff 03 e8 01 03 e8 ff
R11=0x00007f0964000090 points into unknown readable memory: 0x00007f0964793860 | 60 38 79 64 09 7f 00 00
R12=0x00007f0964761df0 points into unknown readable memory: 0x0000000000000000 | 00 00 00 00 00 00 00 00
R13=0x0 is NULL
R14=0x0 is NULL
R15=0x00007f0964761df0 points into unknown readable memory: 0x0000000000000000 | 00 00 00 00 00 00 00 00


Registers:
RAX=0x0000000000000000, RBX=0x00007f09645a6480, RCX=0x00007f09645c7e08, RDX=0x0000000000000000
RSP=0x00007f09689fd620, RBP=0x00007f09689fd670, RSI=0x0000000000000000, RDI=0x00007f09689fd720
R8 =0x00007f09641fe1d0, R9 =0x0000000000000000, R10=0x00007f0964793000, R11=0x00007f0964000090
R12=0x00007f0964761df0, R13=0x0000000000000000, R14=0x0000000000000000, R15=0x00007f0964761df0
RIP=0x00007f08fbc9da37, EFLAGS=0x0000000000010246, CSGSFS=0x002b000000000033, ERR=0x0000000000000004
  TRAPNO=0x000000000000000e

Top of Stack: (sp=0x00007f09689fd620)
0x00007f09689fd620:   0000000000000000 0000000000000000
0x00007f09689fd630:   00007f0964771740 00007f0964010000
0x00007f09689fd640:   00007f096475e418 91783edd3b89bd00
0x00007f09689fd650:   0000000000000000 0000000000000001 

Instructions: (pc=0x00007f08fbc9da37)
0x00007f08fbc9d937:   24 70 48 85 c0 74 62 48 8b 94 24 80 00 00 00 48
0x00007f08fbc9d947:   8b 52 08 48 85 d2 74 04 48 8b 52 08 48 8b 80 38
0x00007f08fbc9d957:   01 00 00 48 85 c0 74 c1 8b 48 34 85 c9 74 ba 7e
0x00007f08fbc9d967:   1f 48 8b 40 10 83 e9 01 48 8d 4c 88 04 0f 1f 40
0x00007f08fbc9d977:   00 8b 30 85 f6 75 aa 48 83 c0 04 48 39 c8 75 f1
0x00007f08fbc9d987:   48 85 d2 74 94 8b 42 10 83 f8 03 77 6c 85 c0 74
0x00007f08fbc9d997:   90 eb 86 66 0f 1f 44 00 00 4d 85 ed 74 0a b8 64
0x00007f08fbc9d9a7:   00 00 00 66 41 89 45 02 b8 01 00 00 00 48 8b 94
0x00007f08fbc9d9b7:   24 98 01 00 00 64 48 2b 14 25 28 00 00 00 0f 85
0x00007f08fbc9d9c7:   8c 03 00 00 48 81 c4 a8 01 00 00 5b 5d 41 5c 41
0x00007f08fbc9d9d7:   5d 41 5e 41 5f c3 0f 1f 00 4d 85 ed 0f 84 c7 01
0x00007f08fbc9d9e7:   00 00 48 8b 14 24 48 89 ee 48 89 df e8 98 72 00
0x00007f08fbc9d9f7:   00 e9 f8 fe ff ff 0f 1f 00 83 e8 05 83 f8 03 0f
0x00007f08fbc9da07:   86 14 ff ff ff e9 17 ff ff ff 0f 1f 80 00 00 00
0x00007f08fbc9da17:   00 31 f6 48 89 ef e8 ce 1f 17 00 8b 83 08 14 00
0x00007f08fbc9da27:   00 85 c0 0f 8f c0 01 00 00 48 8b 83 b0 09 00 00
0x00007f08fbc9da37:   80 78 0c 00 0f 85 d8 02 00 00 8b 83 d8 44 02 00
0x00007f08fbc9da47:   45 31 ff 85 c0 7f 20 eb 47 48 8b 87 b0 09 00 00
0x00007f08fbc9da57:   80 78 0c 00 0f 85 9f 01 00 00 49 83 c7 01 44 39
0x00007f08fbc9da67:   bb d8 44 02 00 7e 29 48 8b 83 e0 44 02 00 4a 8b
0x00007f08fbc9da77:   3c f8 44 8b 9f 08 14 00 00 45 85 db 7e cb e8 46
0x00007f08fbc9da87:   96 0e 00 49 83 c7 01 44 39 bb d8 44 02 00 7f d7
0x00007f08fbc9da97:   48 c7 44 24 30 00 00 00 00 4c 8d 7c 24 30 4c 89
0x00007f08fbc9daa7:   ff e8 23 f2 1a 00 48 8b 4c 24 08 4d 89 f9 4d 89
0x00007f08fbc9dab7:   e0 48 8b 14 24 be 01 00 00 00 48 89 df e8 87 b2
0x00007f08fbc9dac7:   ff ff 44 8b 93 d4 35 02 00 45 85 d2 74 0b 4c 89
0x00007f08fbc9dad7:   fe 48 89 df e8 b0 ae 03 00 8b 44 24 30 45 31 c9
0x00007f08fbc9dae7:   4d 89 f8 48 89 e9 c7 83 c4 44 02 00 00 00 00 00
0x00007f08fbc9daf7:   4c 89 ea be 01 00 00 00 48 89 df 89 83 c0 44 02
0x00007f08fbc9db07:   00 48 c7 83 b4 44 02 00 00 00 00 00 66 44 89 8b
0x00007f08fbc9db17:   bc 44 02 00 48 89 9b f8 44 02 00 e8 69 ef ff ff
0x00007f08fbc9db27:   84 c0 0f 84 d6 01 00 00 31 f6 48 89 ef e8 b7 1e 


Stack slot to memory mapping:
stack at sp + 0 slots: 0x0 is NULL
stack at sp + 1 slots: 0x0 is NULL
stack at sp + 2 slots: 0x00007f0964771740 points into unknown readable memory: 0x00007f0964771840 | 40 18 77 64 09 7f 00 00
stack at sp + 3 slots: 0x00007f0964010000 points into unknown readable memory: 0x0000000000000000 | 00 00 00 00 00 00 00 00
stack at sp + 4 slots: 0x00007f096475e418 points into unknown readable memory: 0x00007f096478a5d0 | d0 a5 78 64 09 7f 00 00
stack at sp + 5 slots: 0x91783edd3b89bd00 is an unknown value
stack at sp + 6 slots: 0x0 is NULL
stack at sp + 7 slots: 0x0000000000000001 is an unknown value


---------------  P R O C E S S  ---------------

Threads class SMR info:
_java_thread_list=0x00007f09644bcc40, length=12, elements={
0x00007f0964026130, 0x00007f096419b090, 0x00007f096419c6f0, 0x00007f09641c2bf0,
0x00007f09641c3fb0, 0x00007f09641c53d0, 0x00007f09641c6a80, 0x00007f09641c7f70,
0x00007f09641c93f0, 0x00007f0964262960, 0x00007f09642e8af0, 0x00007f09644bc070
}

Java Threads: ( => current thread )
=>0x00007f0964026130 JavaThread "main" [_thread_in_native, id=25036, stack(0x00007f0968900000,0x00007f0968a00000)]
  0x00007f096419b090 JavaThread "Reference Handler" daemon [_thread_blocked, id=25043, stack(0x00007f094c13a000,0x00007f094c23a000)]
  0x00007f096419c6f0 JavaThread "Finalizer" daemon [_thread_blocked, id=25044, stack(0x00007f094c03a000,0x00007f094c13a000)]
  0x00007f09641c2bf0 JavaThread "Signal Dispatcher" daemon [_thread_blocked, id=25045, stack(0x00007f093d100000,0x00007f093d200000)]
  0x00007f09641c3fb0 JavaThread "Service Thread" daemon [_thread_blocked, id=25046, stack(0x00007f093d000000,0x00007f093d100000)]
  0x00007f09641c53d0 JavaThread "Monitor Deflation Thread" daemon [_thread_blocked, id=25047, stack(0x00007f093cf00000,0x00007f093d000000)]
  0x00007f09641c6a80 JavaThread "C2 CompilerThread0" daemon [_thread_in_native, id=25048, stack(0x00007f093ce00000,0x00007f093cf00000)]
  0x00007f09641c7f70 JavaThread "C1 CompilerThread0" daemon [_thread_blocked, id=25049, stack(0x00007f093cd00000,0x00007f093ce00000)]
  0x00007f09641c93f0 JavaThread "Sweeper thread" daemon [_thread_blocked, id=25050, stack(0x00007f093cc00000,0x00007f093cd00000)]
  0x00007f0964262960 JavaThread "Common-Cleaner" daemon [_thread_blocked, id=25051, stack(0x00007f093cacf000,0x00007f093cbcf000)]
  0x00007f09642e8af0 JavaThread "Notification Thread" daemon [_thread_blocked, id=25052, stack(0x00007f093c9cf000,0x00007f093cacf000)]
  0x00007f09644bc070 JavaThread "Java2D Disposer" daemon [_thread_blocked, id=25054, stack(0x00007f093c4d8000,0x00007f093c5d8000)]

Other Threads:
  0x00007f096418b360 VMThread "VM Thread" [stack: 0x00007f094c23c000,0x00007f094c33c000] [id=25042]
  0x00007f096420b990 WatcherThread [stack: 0x00007f093c8cf000,0x00007f093c9cf000] [id=25053]
  0x00007f096407fa20 GCTaskThread "GC Thread#0" [stack: 0x00007f094cf4e000,0x00007f094d04e000] [id=25037]
  0x00007f09640901a0 ConcurrentGCThread "G1 Main Marker" [stack: 0x00007f094ce4c000,0x00007f094cf4c000] [id=25038]
  0x00007f0964091110 ConcurrentGCThread "G1 Conc#0" [stack: 0x00007f094cd4a000,0x00007f094ce4a000] [id=25039]
  0x00007f0964105560 ConcurrentGCThread "G1 Refine#0" [stack: 0x00007f094c440000,0x00007f094c540000] [id=25040]
  0x00007f0964106450 ConcurrentGCThread "G1 Service" [stack: 0x00007f094c33e000,0x00007f094c43e000] [id=25041]

Threads with active compile tasks:
C2 CompilerThread0      467  903       4       jdk.internal.org.objectweb.asm.Frame::execute (2305 bytes)

VM state: not at safepoint (normal execution)

VM Mutex/Monitor currently owned by a thread: None

Heap address: 0x0000000087400000, size: 1932 MB, Compressed Oops mode: 32-bit

CDS archive(s) not mapped
Compressed class space mapped at: 0x0000000100000000-0x0000000140000000, reserved size: 1073741824
Narrow klass base: 0x0000000000000000, Narrow klass shift: 3, Narrow klass range: 0x140000000

GC Precious Log:
 CPUs: 8 total, 8 available
 Memory: 7725M
 Large Page Support: Disabled
 NUMA Support: Disabled
 Compressed Oops: Enabled (32-bit)
 Heap Region Size: 1M
 Heap Min Capacity: 8M
 Heap Initial Capacity: 122M
 Heap Max Capacity: 1932M
 Pre-touch: Disabled
 Parallel Workers: 8
 Concurrent Workers: 2
 Concurrent Refinement Workers: 8
 Periodic GC: Disabled

Heap:
 garbage-first heap   total 124928K, used 12288K [0x0000000087400000, 0x0000000100000000)
  region size 1024K, 14 young (14336K), 0 survivors (0K)
 Metaspace       used 14304K, committed 14464K, reserved 1114112K
  class space    used 1468K, committed 1536K, reserved 1048576K

Heap Regions: E=young(eden), S=young(survivor), O=old, HS=humongous(starts), HC=humongous(continues), CS=collection set, F=free, OA=open archive, CA=closed archive, TAMS=top-at-mark-start (previous, next)
|   0|0x0000000087400000, 0x0000000087400000, 0x0000000087500000|  0%| F|  |TAMS 0x0000000087400000, 0x0000000087400000| Untracked 
|   1|0x0000000087500000, 0x0000000087500000, 0x0000000087600000|  0%| F|  |TAMS 0x0000000087500000, 0x0000000087500000| Untracked 
|   2|0x0000000087600000, 0x0000000087600000, 0x0000000087700000|  0%| F|  |TAMS 0x0000000087600000, 0x0000000087600000| Untracked 
|   3|0x0000000087700000, 0x0000000087700000, 0x0000000087800000|  0%| F|  |TAMS 0x0000000087700000, 0x0000000087700000| Untracked 
|   4|0x0000000087800000, 0x0000000087800000, 0x0000000087900000|  0%| F|  |TAMS 0x0000000087800000, 0x0000000087800000| Untracked 
|   5|0x0000000087900000, 0x0000000087900000, 0x0000000087a00000|  0%| F|  |TAMS 0x0000000087900000, 0x0000000087900000| Untracked 
|   6|0x0000000087a00000, 0x0000000087a00000, 0x0000000087b00000|  0%| F|  |TAMS 0x0000000087a00000, 0x0000000087a00000| Untracked 
|   7|0x0000000087b00000, 0x0000000087b00000, 0x0000000087c00000|  0%| F|  |TAMS 0x0000000087b00000, 0x0000000087b00000| Untracked 
|   8|0x0000000087c00000, 0x0000000087c00000, 0x0000000087d00000|  0%| F|  |TAMS 0x0000000087c00000, 0x0000000087c00000| Untracked 
|   9|0x0000000087d00000, 0x0000000087d00000, 0x0000000087e00000|  0%| F|  |TAMS 0x0000000087d00000, 0x0000000087d00000| Untracked 
|  10|0x0000000087e00000, 0x0000000087e00000, 0x0000000087f00000|  0%| F|  |TAMS 0x0000000087e00000, 0x0000000087e00000| Untracked 
|  11|0x0000000087f00000, 0x0000000087f00000, 0x0000000088000000|  0%| F|  |TAMS 0x0000000087f00000, 0x0000000087f00000| Untracked 
|  12|0x0000000088000000, 0x0000000088000000, 0x0000000088100000|  0%| F|  |TAMS 0x0000000088000000, 0x0000000088000000| Untracked 
|  13|0x0000000088100000, 0x0000000088100000, 0x0000000088200000|  0%| F|  |TAMS 0x0000000088100000, 0x0000000088100000| Untracked 
|  14|0x0000000088200000, 0x0000000088200000, 0x0000000088300000|  0%| F|  |TAMS 0x0000000088200000, 0x0000000088200000| Untracked 
|  15|0x0000000088300000, 0x0000000088300000, 0x0000000088400000|  0%| F|  |TAMS 0x0000000088300000, 0x0000000088300000| Untracked 
|  16|0x0000000088400000, 0x0000000088400000, 0x0000000088500000|  0%| F|  |TAMS 0x0000000088400000, 0x0000000088400000| Untracked 
|  17|0x0000000088500000, 0x0000000088500000, 0x0000000088600000|  0%| F|  |TAMS 0x0000000088500000, 0x0000000088500000| Untracked 
|  18|0x0000000088600000, 0x0000000088600000, 0x0000000088700000|  0%| F|  |TAMS 0x0000000088600000, 0x0000000088600000| Untracked 
|  19|0x0000000088700000, 0x0000000088700000, 0x0000000088800000|  0%| F|  |TAMS 0x0000000088700000, 0x0000000088700000| Untracked 
|  20|0x0000000088800000, 0x0000000088800000, 0x0000000088900000|  0%| F|  |TAMS 0x0000000088800000, 0x0000000088800000| Untracked 
|  21|0x0000000088900000, 0x0000000088900000, 0x0000000088a00000|  0%| F|  |TAMS 0x0000000088900000, 0x0000000088900000| Untracked 
|  22|0x0000000088a00000, 0x0000000088a00000, 0x0000000088b00000|  0%| F|  |TAMS 0x0000000088a00000, 0x0000000088a00000| Untracked 
|  23|0x0000000088b00000, 0x0000000088b00000, 0x0000000088c00000|  0%| F|  |TAMS 0x0000000088b00000, 0x0000000088b00000| Untracked 
|  24|0x0000000088c00000, 0x0000000088c00000, 0x0000000088d00000|  0%| F|  |TAMS 0x0000000088c00000, 0x0000000088c00000| Untracked 
|  25|0x0000000088d00000, 0x0000000088d00000, 0x0000000088e00000|  0%| F|  |TAMS 0x0000000088d00000, 0x0000000088d00000| Untracked 
|  26|0x0000000088e00000, 0x0000000088e00000, 0x0000000088f00000|  0%| F|  |TAMS 0x0000000088e00000, 0x0000000088e00000| Untracked 
|  27|0x0000000088f00000, 0x0000000088f00000, 0x0000000089000000|  0%| F|  |TAMS 0x0000000088f00000, 0x0000000088f00000| Untracked 
|  28|0x0000000089000000, 0x0000000089000000, 0x0000000089100000|  0%| F|  |TAMS 0x0000000089000000, 0x0000000089000000| Untracked 
|  29|0x0000000089100000, 0x0000000089100000, 0x0000000089200000|  0%| F|  |TAMS 0x0000000089100000, 0x0000000089100000| Untracked 
|  30|0x0000000089200000, 0x0000000089200000, 0x0000000089300000|  0%| F|  |TAMS 0x0000000089200000, 0x0000000089200000| Untracked 
|  31|0x0000000089300000, 0x0000000089300000, 0x0000000089400000|  0%| F|  |TAMS 0x0000000089300000, 0x0000000089300000| Untracked 
|  32|0x0000000089400000, 0x0000000089400000, 0x0000000089500000|  0%| F|  |TAMS 0x0000000089400000, 0x0000000089400000| Untracked 
|  33|0x0000000089500000, 0x0000000089500000, 0x0000000089600000|  0%| F|  |TAMS 0x0000000089500000, 0x0000000089500000| Untracked 
|  34|0x0000000089600000, 0x0000000089600000, 0x0000000089700000|  0%| F|  |TAMS 0x0000000089600000, 0x0000000089600000| Untracked 
|  35|0x0000000089700000, 0x0000000089700000, 0x0000000089800000|  0%| F|  |TAMS 0x0000000089700000, 0x0000000089700000| Untracked 
|  36|0x0000000089800000, 0x0000000089800000, 0x0000000089900000|  0%| F|  |TAMS 0x0000000089800000, 0x0000000089800000| Untracked 
|  37|0x0000000089900000, 0x0000000089900000, 0x0000000089a00000|  0%| F|  |TAMS 0x0000000089900000, 0x0000000089900000| Untracked 
|  38|0x0000000089a00000, 0x0000000089a00000, 0x0000000089b00000|  0%| F|  |TAMS 0x0000000089a00000, 0x0000000089a00000| Untracked 
|  39|0x0000000089b00000, 0x0000000089b00000, 0x0000000089c00000|  0%| F|  |TAMS 0x0000000089b00000, 0x0000000089b00000| Untracked 
|  40|0x0000000089c00000, 0x0000000089c00000, 0x0000000089d00000|  0%| F|  |TAMS 0x0000000089c00000, 0x0000000089c00000| Untracked 
|  41|0x0000000089d00000, 0x0000000089d00000, 0x0000000089e00000|  0%| F|  |TAMS 0x0000000089d00000, 0x0000000089d00000| Untracked 
|  42|0x0000000089e00000, 0x0000000089e00000, 0x0000000089f00000|  0%| F|  |TAMS 0x0000000089e00000, 0x0000000089e00000| Untracked 
|  43|0x0000000089f00000, 0x0000000089f00000, 0x000000008a000000|  0%| F|  |TAMS 0x0000000089f00000, 0x0000000089f00000| Untracked 
|  44|0x000000008a000000, 0x000000008a000000, 0x000000008a100000|  0%| F|  |TAMS 0x000000008a000000, 0x000000008a000000| Untracked 
|  45|0x000000008a100000, 0x000000008a100000, 0x000000008a200000|  0%| F|  |TAMS 0x000000008a100000, 0x000000008a100000| Untracked 
|  46|0x000000008a200000, 0x000000008a200000, 0x000000008a300000|  0%| F|  |TAMS 0x000000008a200000, 0x000000008a200000| Untracked 
|  47|0x000000008a300000, 0x000000008a300000, 0x000000008a400000|  0%| F|  |TAMS 0x000000008a300000, 0x000000008a300000| Untracked 
|  48|0x000000008a400000, 0x000000008a400000, 0x000000008a500000|  0%| F|  |TAMS 0x000000008a400000, 0x000000008a400000| Untracked 
|  49|0x000000008a500000, 0x000000008a500000, 0x000000008a600000|  0%| F|  |TAMS 0x000000008a500000, 0x000000008a500000| Untracked 
|  50|0x000000008a600000, 0x000000008a600000, 0x000000008a700000|  0%| F|  |TAMS 0x000000008a600000, 0x000000008a600000| Untracked 
|  51|0x000000008a700000, 0x000000008a700000, 0x000000008a800000|  0%| F|  |TAMS 0x000000008a700000, 0x000000008a700000| Untracked 
|  52|0x000000008a800000, 0x000000008a800000, 0x000000008a900000|  0%| F|  |TAMS 0x000000008a800000, 0x000000008a800000| Untracked 
|  53|0x000000008a900000, 0x000000008a900000, 0x000000008aa00000|  0%| F|  |TAMS 0x000000008a900000, 0x000000008a900000| Untracked 
|  54|0x000000008aa00000, 0x000000008aa00000, 0x000000008ab00000|  0%| F|  |TAMS 0x000000008aa00000, 0x000000008aa00000| Untracked 
|  55|0x000000008ab00000, 0x000000008ab00000, 0x000000008ac00000|  0%| F|  |TAMS 0x000000008ab00000, 0x000000008ab00000| Untracked 
|  56|0x000000008ac00000, 0x000000008ac00000, 0x000000008ad00000|  0%| F|  |TAMS 0x000000008ac00000, 0x000000008ac00000| Untracked 
|  57|0x000000008ad00000, 0x000000008ad00000, 0x000000008ae00000|  0%| F|  |TAMS 0x000000008ad00000, 0x000000008ad00000| Untracked 
|  58|0x000000008ae00000, 0x000000008ae00000, 0x000000008af00000|  0%| F|  |TAMS 0x000000008ae00000, 0x000000008ae00000| Untracked 
|  59|0x000000008af00000, 0x000000008af00000, 0x000000008b000000|  0%| F|  |TAMS 0x000000008af00000, 0x000000008af00000| Untracked 
|  60|0x000000008b000000, 0x000000008b000000, 0x000000008b100000|  0%| F|  |TAMS 0x000000008b000000, 0x000000008b000000| Untracked 
|  61|0x000000008b100000, 0x000000008b100000, 0x000000008b200000|  0%| F|  |TAMS 0x000000008b100000, 0x000000008b100000| Untracked 
|  62|0x000000008b200000, 0x000000008b200000, 0x000000008b300000|  0%| F|  |TAMS 0x000000008b200000, 0x000000008b200000| Untracked 
|  63|0x000000008b300000, 0x000000008b300000, 0x000000008b400000|  0%| F|  |TAMS 0x000000008b300000, 0x000000008b300000| Untracked 
|  64|0x000000008b400000, 0x000000008b400000, 0x000000008b500000|  0%| F|  |TAMS 0x000000008b400000, 0x000000008b400000| Untracked 
|  65|0x000000008b500000, 0x000000008b500000, 0x000000008b600000|  0%| F|  |TAMS 0x000000008b500000, 0x000000008b500000| Untracked 
|  66|0x000000008b600000, 0x000000008b600000, 0x000000008b700000|  0%| F|  |TAMS 0x000000008b600000, 0x000000008b600000| Untracked 
|  67|0x000000008b700000, 0x000000008b700000, 0x000000008b800000|  0%| F|  |TAMS 0x000000008b700000, 0x000000008b700000| Untracked 
|  68|0x000000008b800000, 0x000000008b800000, 0x000000008b900000|  0%| F|  |TAMS 0x000000008b800000, 0x000000008b800000| Untracked 
|  69|0x000000008b900000, 0x000000008b900000, 0x000000008ba00000|  0%| F|  |TAMS 0x000000008b900000, 0x000000008b900000| Untracked 
|  70|0x000000008ba00000, 0x000000008ba00000, 0x000000008bb00000|  0%| F|  |TAMS 0x000000008ba00000, 0x000000008ba00000| Untracked 
|  71|0x000000008bb00000, 0x000000008bb00000, 0x000000008bc00000|  0%| F|  |TAMS 0x000000008bb00000, 0x000000008bb00000| Untracked 
|  72|0x000000008bc00000, 0x000000008bc00000, 0x000000008bd00000|  0%| F|  |TAMS 0x000000008bc00000, 0x000000008bc00000| Untracked 
|  73|0x000000008bd00000, 0x000000008bd00000, 0x000000008be00000|  0%| F|  |TAMS 0x000000008bd00000, 0x000000008bd00000| Untracked 
|  74|0x000000008be00000, 0x000000008be00000, 0x000000008bf00000|  0%| F|  |TAMS 0x000000008be00000, 0x000000008be00000| Untracked 
|  75|0x000000008bf00000, 0x000000008bf00000, 0x000000008c000000|  0%| F|  |TAMS 0x000000008bf00000, 0x000000008bf00000| Untracked 
|  76|0x000000008c000000, 0x000000008c000000, 0x000000008c100000|  0%| F|  |TAMS 0x000000008c000000, 0x000000008c000000| Untracked 
|  77|0x000000008c100000, 0x000000008c100000, 0x000000008c200000|  0%| F|  |TAMS 0x000000008c100000, 0x000000008c100000| Untracked 
|  78|0x000000008c200000, 0x000000008c200000, 0x000000008c300000|  0%| F|  |TAMS 0x000000008c200000, 0x000000008c200000| Untracked 
|  79|0x000000008c300000, 0x000000008c300000, 0x000000008c400000|  0%| F|  |TAMS 0x000000008c300000, 0x000000008c300000| Untracked 
|  80|0x000000008c400000, 0x000000008c400000, 0x000000008c500000|  0%| F|  |TAMS 0x000000008c400000, 0x000000008c400000| Untracked 
|  81|0x000000008c500000, 0x000000008c500000, 0x000000008c600000|  0%| F|  |TAMS 0x000000008c500000, 0x000000008c500000| Untracked 
|  82|0x000000008c600000, 0x000000008c600000, 0x000000008c700000|  0%| F|  |TAMS 0x000000008c600000, 0x000000008c600000| Untracked 
|  83|0x000000008c700000, 0x000000008c700000, 0x000000008c800000|  0%| F|  |TAMS 0x000000008c700000, 0x000000008c700000| Untracked 
|  84|0x000000008c800000, 0x000000008c800000, 0x000000008c900000|  0%| F|  |TAMS 0x000000008c800000, 0x000000008c800000| Untracked 
|  85|0x000000008c900000, 0x000000008c900000, 0x000000008ca00000|  0%| F|  |TAMS 0x000000008c900000, 0x000000008c900000| Untracked 
|  86|0x000000008ca00000, 0x000000008ca00000, 0x000000008cb00000|  0%| F|  |TAMS 0x000000008ca00000, 0x000000008ca00000| Untracked 
|  87|0x000000008cb00000, 0x000000008cb00000, 0x000000008cc00000|  0%| F|  |TAMS 0x000000008cb00000, 0x000000008cb00000| Untracked 
|  88|0x000000008cc00000, 0x000000008cc00000, 0x000000008cd00000|  0%| F|  |TAMS 0x000000008cc00000, 0x000000008cc00000| Untracked 
|  89|0x000000008cd00000, 0x000000008cd00000, 0x000000008ce00000|  0%| F|  |TAMS 0x000000008cd00000, 0x000000008cd00000| Untracked 
|  90|0x000000008ce00000, 0x000000008ce00000, 0x000000008cf00000|  0%| F|  |TAMS 0x000000008ce00000, 0x000000008ce00000| Untracked 
|  91|0x000000008cf00000, 0x000000008cf00000, 0x000000008d000000|  0%| F|  |TAMS 0x000000008cf00000, 0x000000008cf00000| Untracked 
|  92|0x000000008d000000, 0x000000008d000000, 0x000000008d100000|  0%| F|  |TAMS 0x000000008d000000, 0x000000008d000000| Untracked 
|  93|0x000000008d100000, 0x000000008d100000, 0x000000008d200000|  0%| F|  |TAMS 0x000000008d100000, 0x000000008d100000| Untracked 
|  94|0x000000008d200000, 0x000000008d200000, 0x000000008d300000|  0%| F|  |TAMS 0x000000008d200000, 0x000000008d200000| Untracked 
|  95|0x000000008d300000, 0x000000008d300000, 0x000000008d400000|  0%| F|  |TAMS 0x000000008d300000, 0x000000008d300000| Untracked 
|  96|0x000000008d400000, 0x000000008d400000, 0x000000008d500000|  0%| F|  |TAMS 0x000000008d400000, 0x000000008d400000| Untracked 
|  97|0x000000008d500000, 0x000000008d500000, 0x000000008d600000|  0%| F|  |TAMS 0x000000008d500000, 0x000000008d500000| Untracked 
|  98|0x000000008d600000, 0x000000008d600000, 0x000000008d700000|  0%| F|  |TAMS 0x000000008d600000, 0x000000008d600000| Untracked 
|  99|0x000000008d700000, 0x000000008d700000, 0x000000008d800000|  0%| F|  |TAMS 0x000000008d700000, 0x000000008d700000| Untracked 
| 100|0x000000008d800000, 0x000000008d800000, 0x000000008d900000|  0%| F|  |TAMS 0x000000008d800000, 0x000000008d800000| Untracked 
| 101|0x000000008d900000, 0x000000008d900000, 0x000000008da00000|  0%| F|  |TAMS 0x000000008d900000, 0x000000008d900000| Untracked 
| 102|0x000000008da00000, 0x000000008da00000, 0x000000008db00000|  0%| F|  |TAMS 0x000000008da00000, 0x000000008da00000| Untracked 
| 103|0x000000008db00000, 0x000000008db00000, 0x000000008dc00000|  0%| F|  |TAMS 0x000000008db00000, 0x000000008db00000| Untracked 
| 104|0x000000008dc00000, 0x000000008dc00000, 0x000000008dd00000|  0%| F|  |TAMS 0x000000008dc00000, 0x000000008dc00000| Untracked 
| 105|0x000000008dd00000, 0x000000008dd00000, 0x000000008de00000|  0%| F|  |TAMS 0x000000008dd00000, 0x000000008dd00000| Untracked 
| 106|0x000000008de00000, 0x000000008de00000, 0x000000008df00000|  0%| F|  |TAMS 0x000000008de00000, 0x000000008de00000| Untracked 
| 107|0x000000008df00000, 0x000000008df00000, 0x000000008e000000|  0%| F|  |TAMS 0x000000008df00000, 0x000000008df00000| Untracked 
| 108|0x000000008e000000, 0x000000008e0f31e8, 0x000000008e100000| 94%| E|  |TAMS 0x000000008e000000, 0x000000008e000000| Complete 
| 109|0x000000008e100000, 0x000000008e200000, 0x000000008e200000|100%| E|CS|TAMS 0x000000008e100000, 0x000000008e100000| Complete 
| 110|0x000000008e200000, 0x000000008e300000, 0x000000008e300000|100%| E|CS|TAMS 0x000000008e200000, 0x000000008e200000| Complete 
| 111|0x000000008e300000, 0x000000008e400000, 0x000000008e400000|100%| E|CS|TAMS 0x000000008e300000, 0x000000008e300000| Complete 
| 112|0x000000008e400000, 0x000000008e500000, 0x000000008e500000|100%| E|  |TAMS 0x000000008e400000, 0x000000008e400000| Complete 
| 113|0x000000008e500000, 0x000000008e600000, 0x000000008e600000|100%| E|CS|TAMS 0x000000008e500000, 0x000000008e500000| Complete 
| 114|0x000000008e600000, 0x000000008e700000, 0x000000008e700000|100%| E|CS|TAMS 0x000000008e600000, 0x000000008e600000| Complete 
| 115|0x000000008e700000, 0x000000008e800000, 0x000000008e800000|100%| E|CS|TAMS 0x000000008e700000, 0x000000008e700000| Complete 
| 116|0x000000008e800000, 0x000000008e900000, 0x000000008e900000|100%| E|CS|TAMS 0x000000008e800000, 0x000000008e800000| Complete 
| 117|0x000000008e900000, 0x000000008ea00000, 0x000000008ea00000|100%| E|CS|TAMS 0x000000008e900000, 0x000000008e900000| Complete 
| 118|0x000000008ea00000, 0x000000008eb00000, 0x000000008eb00000|100%| E|CS|TAMS 0x000000008ea00000, 0x000000008ea00000| Complete 
| 119|0x000000008eb00000, 0x000000008ec00000, 0x000000008ec00000|100%| E|CS|TAMS 0x000000008eb00000, 0x000000008eb00000| Complete 
| 120|0x000000008ec00000, 0x000000008ed00000, 0x000000008ed00000|100%| E|CS|TAMS 0x000000008ec00000, 0x000000008ec00000| Complete 
| 121|0x000000008ed00000, 0x000000008ee00000, 0x000000008ee00000|100%| E|CS|TAMS 0x000000008ed00000, 0x000000008ed00000| Complete 

Card table byte_map: [0x00007f0951074000,0x00007f095143a000] _byte_map_base: 0x00007f0950c3a000

Marking Bits (Prev, Next): (CMBitMap*) 0x00007f09640804a0, (CMBitMap*) 0x00007f09640804e0
 Prev Bits: [0x00007f094ee7e000, 0x00007f0950cae000)
 Next Bits: [0x00007f094d04e000, 0x00007f094ee7e000)

Polling page: 0x00007f096a22d000

Metaspace:

Usage:
  Non-class:     12,54 MB used.
      Class:      1,43 MB used.
       Both:     13,97 MB used.

Virtual space:
  Non-class space:       64,00 MB reserved,      12,62 MB ( 20%) committed,  1 nodes.
      Class space:        1,00 GB reserved,       1,50 MB ( <1%) committed,  1 nodes.
             Both:        1,06 GB reserved,      14,12 MB (  1%) committed. 

Chunk freelists:
   Non-Class:  2,89 MB
       Class:  14,53 MB
        Both:  17,42 MB

MaxMetaspaceSize: unlimited
CompressedClassSpaceSize: 1,00 GB
Initial GC threshold: 21,00 MB
Current GC threshold: 21,00 MB
CDS: off
MetaspaceReclaimPolicy: balanced
 - commit_granule_bytes: 65536.
 - commit_granule_words: 8192.
 - virtual_space_node_default_size: 8388608.
 - enlarge_chunks_in_place: 1.
 - new_chunks_are_fully_committed: 0.
 - uncommit_free_chunks: 1.
 - use_allocation_guard: 0.
 - handle_deallocations: 1.


Internal statistics:

num_allocs_failed_limit: 0.
num_arena_births: 76.
num_arena_deaths: 0.
num_vsnodes_births: 2.
num_vsnodes_deaths: 0.
num_space_committed: 226.
num_space_uncommitted: 0.
num_chunks_returned_to_freelist: 0.
num_chunks_taken_from_freelist: 201.
num_chunk_merges: 0.
num_chunk_splits: 123.
num_chunks_enlarged: 82.
num_inconsistent_stats: 0.

CodeHeap 'non-profiled nmethods': size=120028Kb used=261Kb max_used=261Kb free=119766Kb
 bounds [0x00007f09592c9000, 0x00007f0959539000, 0x00007f0960800000]
CodeHeap 'profiled nmethods': size=120028Kb used=1715Kb max_used=1715Kb free=118312Kb
 bounds [0x00007f0951800000, 0x00007f0951a70000, 0x00007f0958d37000]
CodeHeap 'non-nmethods': size=5704Kb used=1170Kb max_used=1186Kb free=4533Kb
 bounds [0x00007f0958d37000, 0x00007f0958fa7000, 0x00007f09592c9000]
 total_blobs=1414 nmethods=942 adapters=386
 compilation: enabled
              stopped_count=0, restarted_count=0
 full_count=0

Compilation events (20 events):
Event: 0,433 Thread 0x00007f09641c7f70  939       3       java.lang.Integer::valueOf (32 bytes)
Event: 0,433 Thread 0x00007f09641c7f70 nmethod 939 0x00007f09519a7a10 code [0x00007f09519a7be0, 0x00007f09519a7ef0]
Event: 0,433 Thread 0x00007f09641c7f70  941       3       java.net.URLStreamHandler::setURL (73 bytes)
Event: 0,434 Thread 0x00007f09641c7f70 nmethod 941 0x00007f09519a8010 code [0x00007f09519a8300, 0x00007f09519a9130]
Event: 0,434 Thread 0x00007f09641c7f70  940  s    1       java.util.Vector::size (5 bytes)
Event: 0,434 Thread 0x00007f09641c7f70 nmethod 940 0x00007f095930a410 code [0x00007f095930a5a0, 0x00007f095930a710]
Event: 0,434 Thread 0x00007f09641c7f70  942   !   3       java.net.URL::set (114 bytes)
Event: 0,435 Thread 0x00007f09641c7f70 nmethod 942 0x00007f09519a9690 code [0x00007f09519a98e0, 0x00007f09519aa350]
Event: 0,435 Thread 0x00007f09641c7f70  944       3       java.lang.Math::max (12 bytes)
Event: 0,435 Thread 0x00007f09641c7f70 nmethod 944 0x00007f09519aa710 code [0x00007f09519aa8a0, 0x00007f09519aa9d0]
Event: 0,435 Thread 0x00007f09641c7f70  943       3       java.util.Vector::add (23 bytes)
Event: 0,435 Thread 0x00007f09641c7f70 nmethod 943 0x00007f09519aaa90 code [0x00007f09519aac60, 0x00007f09519ab000]
Event: 0,435 Thread 0x00007f09641c7f70  945  s    3       java.io.ByteArrayOutputStream::write (43 bytes)
Event: 0,435 Thread 0x00007f09641c7f70 nmethod 945 0x00007f09519ab190 code [0x00007f09519ab380, 0x00007f09519ab800]
Event: 0,435 Thread 0x00007f09641c7f70  946       3       java.io.ByteArrayOutputStream::ensureCapacity (32 bytes)
Event: 0,435 Thread 0x00007f09641c7f70 nmethod 946 0x00007f09519aba10 code [0x00007f09519abbe0, 0x00007f09519abf90]
Event: 0,436 Thread 0x00007f09641c7f70  947       3       java.lang.reflect.Method::copy (84 bytes)
Event: 0,436 Thread 0x00007f09641c7f70 nmethod 947 0x00007f09519ac110 code [0x00007f09519ac2e0, 0x00007f09519ac6b0]
Event: 0,438 Thread 0x00007f09641c7f70  948       3       jdk.internal.reflect.ClassFileAssembler::emitShort (24 bytes)
Event: 0,439 Thread 0x00007f09641c7f70 nmethod 948 0x00007f09519ac790 code [0x00007f09519ac960, 0x00007f09519acc50]

GC Heap History (0 events):
No events

Dll operation events (9 events):
Event: 0,001 Loaded shared library /home/vinic/.p2/pool/plugins/org.eclipse.justj.openjdk.hotspot.jre.full.linux.x86_64_17.0.8.v20230801-1951/jre/lib/libjava.so
Event: 0,046 Loaded shared library /home/vinic/.p2/pool/plugins/org.eclipse.justj.openjdk.hotspot.jre.full.linux.x86_64_17.0.8.v20230801-1951/jre/lib/libnio.so
Event: 0,091 Loaded shared library /home/vinic/.p2/pool/plugins/org.eclipse.justj.openjdk.hotspot.jre.full.linux.x86_64_17.0.8.v20230801-1951/jre/lib/libnet.so
Event: 0,112 Loaded shared library /home/vinic/.p2/pool/plugins/org.eclipse.justj.openjdk.hotspot.jre.full.linux.x86_64_17.0.8.v20230801-1951/jre/lib/libzip.so
Event: 0,159 Loaded shared library /home/vinic/.p2/pool/plugins/org.eclipse.justj.openjdk.hotspot.jre.full.linux.x86_64_17.0.8.v20230801-1951/jre/lib/libverify.so
Event: 0,171 Loaded shared library /home/vinic/.p2/pool/plugins/org.eclipse.justj.openjdk.hotspot.jre.full.linux.x86_64_17.0.8.v20230801-1951/jre/lib/libjimage.so
Event: 0,266 Loaded shared library /home/vinic/.p2/pool/plugins/org.eclipse.justj.openjdk.hotspot.jre.full.linux.x86_64_17.0.8.v20230801-1951/jre/lib/libawt.so
Event: 0,268 Loaded shared library /home/vinic/.p2/pool/plugins/org.eclipse.justj.openjdk.hotspot.jre.full.linux.x86_64_17.0.8.v20230801-1951/jre/lib/libawt_xawt.so
Event: 0,378 Loaded shared library /tmp/jna-112212597/jna5236785440511735571.tmp

Deoptimization events (20 events):
Event: 0,202 Thread 0x00007f0964026130 Uncommon trap: trap_request=0xffffff45 fr.pc=0x00007f09592e2614 relative=0x0000000000000274
Event: 0,202 Thread 0x00007f0964026130 Uncommon trap: reason=unstable_if action=reinterpret pc=0x00007f09592e2614 method=java.io.BufferedReader.read()I @ 19 c2
Event: 0,202 Thread 0x00007f0964026130 DEOPT PACKING pc=0x00007f09592e2614 sp=0x00007f09689fc750
Event: 0,202 Thread 0x00007f0964026130 DEOPT UNPACKING pc=0x00007f0958d8d699 sp=0x00007f09689fc690 mode 2
Event: 0,251 Thread 0x00007f0964026130 Uncommon trap: trap_request=0xffffff45 fr.pc=0x00007f09592d4afc relative=0x000000000000005c
Event: 0,251 Thread 0x00007f0964026130 Uncommon trap: reason=unstable_if action=reinterpret pc=0x00007f09592d4afc method=java.lang.String.isLatin1()Z @ 10 c2
Event: 0,251 Thread 0x00007f0964026130 DEOPT PACKING pc=0x00007f09592d4afc sp=0x00007f09689fd200
Event: 0,251 Thread 0x00007f0964026130 DEOPT UNPACKING pc=0x00007f0958d8d699 sp=0x00007f09689fd1b0 mode 2
Event: 0,299 Thread 0x00007f0964026130 DEOPT PACKING pc=0x00007f095182e7d5 sp=0x00007f09689fd420
Event: 0,299 Thread 0x00007f0964026130 DEOPT UNPACKING pc=0x00007f0958d8de2f sp=0x00007f09689fc8e0 mode 0
Event: 0,317 Thread 0x00007f0964026130 DEOPT PACKING pc=0x00007f09518678cf sp=0x00007f09689fd650
Event: 0,317 Thread 0x00007f0964026130 DEOPT UNPACKING pc=0x00007f0958d8de2f sp=0x00007f09689fcad0 mode 0
Event: 0,368 Thread 0x00007f0964026130 Uncommon trap: trap_request=0xffffff45 fr.pc=0x00007f09592dcd18 relative=0x0000000000000998
Event: 0,368 Thread 0x00007f0964026130 Uncommon trap: reason=unstable_if action=reinterpret pc=0x00007f09592dcd18 method=java.util.HashMap.putVal(ILjava/lang/Object;Ljava/lang/Object;ZZ)Ljava/lang/Object; @ 181 c2
Event: 0,368 Thread 0x00007f0964026130 DEOPT PACKING pc=0x00007f09592dcd18 sp=0x00007f09689fc7c0
Event: 0,368 Thread 0x00007f0964026130 DEOPT UNPACKING pc=0x00007f0958d8d699 sp=0x00007f09689fc760 mode 2
Event: 0,386 Thread 0x00007f0964026130 Uncommon trap: trap_request=0xffffff45 fr.pc=0x00007f09592ece6c relative=0x00000000000002cc
Event: 0,386 Thread 0x00007f0964026130 Uncommon trap: reason=unstable_if action=reinterpret pc=0x00007f09592ece6c method=java.util.StringTokenizer.scanToken(I)I @ 42 c2
Event: 0,386 Thread 0x00007f0964026130 DEOPT PACKING pc=0x00007f09592ece6c sp=0x00007f09689fd490
Event: 0,386 Thread 0x00007f0964026130 DEOPT UNPACKING pc=0x00007f0958d8d699 sp=0x00007f09689fd440 mode 2

Classes unloaded (0 events):
No events

Classes redefined (0 events):
No events

Internal exceptions (20 events):
Event: 0,141 Thread 0x00007f0964026130 Exception <a 'java/lang/NoSuchMethodError'{0x000000008ecda7b0}: 'void java.lang.invoke.DirectMethodHandle$Holder.invokeStatic(java.lang.Object, java.lang.Object, java.lang.Object, java.lang.Object)'> (0x000000008ecda7b0) 
thrown [src/hotspot/share/interpreter/linkResolver.cpp, line 758]
Event: 0,174 Thread 0x00007f0964026130 Exception <a 'sun/nio/fs/UnixException'{0x000000008ea43948}> (0x000000008ea43948) 
thrown [src/hotspot/share/prims/jni.cpp, line 516]
Event: 0,183 Thread 0x00007f0964026130 Exception <a 'sun/nio/fs/UnixException'{0x000000008eaa81f8}> (0x000000008eaa81f8) 
thrown [src/hotspot/share/prims/jni.cpp, line 516]
Event: 0,201 Thread 0x00007f0964026130 Exception <a 'java/lang/ClassNotFoundException'{0x000000008e935478}: javax/smartcardio/CardPermission> (0x000000008e935478) 
thrown [src/hotspot/share/classfile/systemDictionary.cpp, line 256]
Event: 0,203 Thread 0x00007f0964026130 Exception <a 'java/io/FileNotFoundException'{0x000000008e943488}> (0x000000008e943488) 
thrown [src/hotspot/share/prims/jni.cpp, line 516]
Event: 0,205 Thread 0x00007f0964026130 Exception <a 'sun/nio/fs/UnixException'{0x000000008e946ff0}> (0x000000008e946ff0) 
thrown [src/hotspot/share/prims/jni.cpp, line 516]
Event: 0,206 Thread 0x00007f0964026130 Exception <a 'sun/nio/fs/UnixException'{0x000000008e94cb28}> (0x000000008e94cb28) 
thrown [src/hotspot/share/prims/jni.cpp, line 516]
Event: 0,207 Thread 0x00007f0964026130 Exception <a 'sun/nio/fs/UnixException'{0x000000008e94d290}> (0x000000008e94d290) 
thrown [src/hotspot/share/prims/jni.cpp, line 516]
Event: 0,207 Thread 0x00007f0964026130 Exception <a 'sun/nio/fs/UnixException'{0x000000008e9522d8}> (0x000000008e9522d8) 
thrown [src/hotspot/share/prims/jni.cpp, line 516]
Event: 0,264 Thread 0x00007f0964026130 Exception <a 'java/lang/ClassNotFoundException'{0x000000008e74e728}: sun/awt/resources/spi/awtProvider> (0x000000008e74e728) 
thrown [src/hotspot/share/classfile/systemDictionary.cpp, line 256]
Event: 0,276 Thread 0x00007f0964026130 Exception <a 'java/io/FileNotFoundException'{0x000000008e799560}> (0x000000008e799560) 
thrown [src/hotspot/share/prims/jni.cpp, line 516]
Event: 0,281 Thread 0x00007f0964026130 Exception <a 'java/io/FileNotFoundException'{0x000000008e7c6400}> (0x000000008e7c6400) 
thrown [src/hotspot/share/prims/jni.cpp, line 516]
Event: 0,288 Thread 0x00007f0964026130 Exception <a 'sun/nio/fs/UnixException'{0x000000008e7e9af0}> (0x000000008e7e9af0) 
thrown [src/hotspot/share/prims/jni.cpp, line 516]
Event: 0,288 Thread 0x00007f0964026130 Exception <a 'sun/nio/fs/UnixException'{0x000000008e7ea7b0}> (0x000000008e7ea7b0) 
thrown [src/hotspot/share/prims/jni.cpp, line 516]
Event: 0,290 Thread 0x00007f0964026130 Exception <a 'sun/nio/fs/UnixException'{0x000000008e7fb328}> (0x000000008e7fb328) 
thrown [src/hotspot/share/prims/jni.cpp, line 516]
Event: 0,298 Thread 0x00007f0964026130 Exception <a 'sun/nio/fs/UnixException'{0x000000008e68bb30}> (0x000000008e68bb30) 
thrown [src/hotspot/share/prims/jni.cpp, line 516]
Event: 0,299 Thread 0x00007f0964026130 Exception <a 'sun/nio/fs/UnixException'{0x000000008e698db0}> (0x000000008e698db0) 
thrown [src/hotspot/share/prims/jni.cpp, line 516]
Event: 0,339 Thread 0x00007f0964026130 Exception <a 'java/lang/NoSuchMethodError'{0x000000008e4c6250}: 'java.lang.Object java.lang.invoke.DirectMethodHandle$Holder.invokeStaticInit(java.lang.Object)'> (0x000000008e4c6250) 
thrown [src/hotspot/share/interpreter/linkResolver.cpp, line 758]
Event: 0,356 Thread 0x00007f0964026130 Exception <a 'sun/nio/fs/UnixException'{0x000000008e35f0a0}> (0x000000008e35f0a0) 
thrown [src/hotspot/share/prims/jni.cpp, line 516]
Event: 0,359 Thread 0x00007f0964026130 Exception <a 'sun/nio/fs/UnixException'{0x000000008e38fae0}> (0x000000008e38fae0) 
thrown [src/hotspot/share/prims/jni.cpp, line 516]

VM Operations (6 events):
Event: 0,155 Executing VM operation: HandshakeAllThreads
Event: 0,155 Executing VM operation: HandshakeAllThreads done
Event: 0,289 Executing VM operation: HandshakeAllThreads
Event: 0,289 Executing VM operation: HandshakeAllThreads done
Event: 0,383 Executing VM operation: HandshakeAllThreads
Event: 0,383 Executing VM operation: HandshakeAllThreads done

Events (20 events):
Event: 0,425 loading class com/sun/imageio/plugins/tiff/TIFFIFD
Event: 0,425 loading class javax/imageio/plugins/tiff/TIFFDirectory
Event: 0,425 loading class javax/imageio/plugins/tiff/TIFFDirectory done
Event: 0,425 loading class com/sun/imageio/plugins/tiff/TIFFIFD done
Event: 0,425 loading class javax/imageio/plugins/tiff/TIFFField
Event: 0,425 loading class javax/imageio/plugins/tiff/TIFFField done
Event: 0,426 loading class java/util/TreeMap$KeySet
Event: 0,426 loading class java/util/NavigableSet
Event: 0,426 loading class java/util/NavigableSet done
Event: 0,426 loading class java/util/TreeMap$KeySet done
Event: 0,426 loading class java/util/Collections$UnmodifiableSortedSet
Event: 0,426 loading class java/util/Collections$UnmodifiableSortedSet done
Event: 0,426 loading class com/sun/imageio/plugins/tiff/TIFFNullCompressor
Event: 0,426 loading class com/sun/imageio/plugins/tiff/TIFFCompressor
Event: 0,426 loading class com/sun/imageio/plugins/tiff/TIFFCompressor done
Event: 0,426 loading class com/sun/imageio/plugins/tiff/TIFFNullCompressor done
Event: 0,433 loading class javax/imageio/ImageIO$CanDecodeInputFilter
Event: 0,433 loading class javax/imageio/ImageIO$CanDecodeInputFilter done
Event: 0,435 loading class java/lang/StrictMath
Event: 0,435 loading class java/lang/StrictMath done


Dynamic libraries:
87400000-8ee00000 rw-p 00000000 00:00 0 
8ee00000-100000000 ---p 00000000 00:00 0 
100000000-100030000 rw-p 00000000 00:00 0 
100030000-1000b0000 rw-p 00000000 00:00 0 
1000b0000-1000d0000 rw-p 00000000 00:00 0 
1000d0000-100130000 rw-p 00000000 00:00 0 
100130000-100180000 rw-p 00000000 00:00 0 
100180000-140000000 ---p 00000000 00:00 0 
563146380000-563146381000 r--p 00000000 103:02 4087260                   /home/vinic/.p2/pool/plugins/org.eclipse.justj.openjdk.hotspot.jre.full.linux.x86_64_17.0.8.v20230801-1951/jre/bin/java
563146381000-563146382000 r-xp 00001000 103:02 4087260                   /home/vinic/.p2/pool/plugins/org.eclipse.justj.openjdk.hotspot.jre.full.linux.x86_64_17.0.8.v20230801-1951/jre/bin/java
563146382000-563146383000 r--p 00002000 103:02 4087260                   /home/vinic/.p2/pool/plugins/org.eclipse.justj.openjdk.hotspot.jre.full.linux.x86_64_17.0.8.v20230801-1951/jre/bin/java
563146383000-563146384000 r--p 00002000 103:02 4087260                   /home/vinic/.p2/pool/plugins/org.eclipse.justj.openjdk.hotspot.jre.full.linux.x86_64_17.0.8.v20230801-1951/jre/bin/java
563146384000-563146385000 rw-p 00003000 103:02 4087260                   /home/vinic/.p2/pool/plugins/org.eclipse.justj.openjdk.hotspot.jre.full.linux.x86_64_17.0.8.v20230801-1951/jre/bin/java
563147f06000-563147f4e000 rw-p 00000000 00:00 0                          [heap]
7f08f9400000-7f08f9401000 r--p 00000000 103:02 12196732                  /usr/lib/x86_64-linux-gnu/libicudata.so.70.1
7f08f9401000-7f08f9402000 r-xp 00001000 103:02 12196732                  /usr/lib/x86_64-linux-gnu/libicudata.so.70.1
7f08f9402000-7f08fb01c000 r--p 00002000 103:02 12196732                  /usr/lib/x86_64-linux-gnu/libicudata.so.70.1
7f08fb01c000-7f08fb01d000 r--p 01c1b000 103:02 12196732                  /usr/lib/x86_64-linux-gnu/libicudata.so.70.1
7f08fb01d000-7f08fb01e000 rw-p 01c1c000 103:02 12196732                  /usr/lib/x86_64-linux-gnu/libicudata.so.70.1
7f08fb023000-7f08fb089000 r--p 00000000 103:02 12196742                  /usr/lib/x86_64-linux-gnu/libicuuc.so.70.1
7f08fb089000-7f08fb17c000 r-xp 00066000 103:02 12196742                  /usr/lib/x86_64-linux-gnu/libicuuc.so.70.1
7f08fb17c000-7f08fb208000 r--p 00159000 103:02 12196742                  /usr/lib/x86_64-linux-gnu/libicuuc.so.70.1
7f08fb208000-7f08fb21b000 r--p 001e4000 103:02 12196742                  /usr/lib/x86_64-linux-gnu/libicuuc.so.70.1
7f08fb21b000-7f08fb21c000 rw-p 001f7000 103:02 12196742                  /usr/lib/x86_64-linux-gnu/libicuuc.so.70.1
7f08fb21c000-7f08fb21e000 rw-p 00000000 00:00 0 
7f08fb21e000-7f08fb24d000 r--p 00000000 103:02 12190521                  /usr/lib/x86_64-linux-gnu/libxml2.so.2.9.13
7f08fb24d000-7f08fb3a0000 r-xp 0002f000 103:02 12190521                  /usr/lib/x86_64-linux-gnu/libxml2.so.2.9.13
7f08fb3a0000-7f08fb3f4000 r--p 00182000 103:02 12190521                  /usr/lib/x86_64-linux-gnu/libxml2.so.2.9.13
7f08fb3f4000-7f08fb3f5000 ---p 001d6000 103:02 12190521                  /usr/lib/x86_64-linux-gnu/libxml2.so.2.9.13
7f08fb3f5000-7f08fb3fe000 r--p 001d6000 103:02 12190521                  /usr/lib/x86_64-linux-gnu/libxml2.so.2.9.13
7f08fb3fe000-7f08fb3ff000 rw-p 001df000 103:02 12190521                  /usr/lib/x86_64-linux-gnu/libxml2.so.2.9.13
7f08fb3ff000-7f08fb400000 rw-p 00000000 00:00 0 
7f08fb400000-7f08fb49a000 r--p 00000000 103:02 12190699                  /usr/lib/x86_64-linux-gnu/libstdc++.so.6.0.30
7f08fb49a000-7f08fb5ab000 r-xp 0009a000 103:02 12190699                  /usr/lib/x86_64-linux-gnu/libstdc++.so.6.0.30
7f08fb5ab000-7f08fb61a000 r--p 001ab000 103:02 12190699                  /usr/lib/x86_64-linux-gnu/libstdc++.so.6.0.30
7f08fb61a000-7f08fb61b000 ---p 0021a000 103:02 12190699                  /usr/lib/x86_64-linux-gnu/libstdc++.so.6.0.30
7f08fb61b000-7f08fb626000 r--p 0021a000 103:02 12190699                  /usr/lib/x86_64-linux-gnu/libstdc++.so.6.0.30
7f08fb626000-7f08fb629000 rw-p 00225000 103:02 12190699                  /usr/lib/x86_64-linux-gnu/libstdc++.so.6.0.30
7f08fb629000-7f08fb62c000 rw-p 00000000 00:00 0 
7f08fb800000-7f08fb828000 r--p 00000000 103:02 12189717                  /usr/lib/x86_64-linux-gnu/liblept.so.5.0.4
7f08fb828000-7f08fba06000 r-xp 00028000 103:02 12189717                  /usr/lib/x86_64-linux-gnu/liblept.so.5.0.4
7f08fba06000-7f08fbaa4000 r--p 00206000 103:02 12189717                  /usr/lib/x86_64-linux-gnu/liblept.so.5.0.4
7f08fbaa4000-7f08fbaa5000 r--p 002a4000 103:02 12189717                  /usr/lib/x86_64-linux-gnu/liblept.so.5.0.4
7f08fbaa5000-7f08fbaab000 rw-p 002a5000 103:02 12189717                  /usr/lib/x86_64-linux-gnu/liblept.so.5.0.4
7f08fbb22000-7f08fbb25000 r--p 00000000 103:02 12196993                  /usr/lib/x86_64-linux-gnu/libopenjp2.so.2.4.0
7f08fbb25000-7f08fbb68000 r-xp 00003000 103:02 12196993                  /usr/lib/x86_64-linux-gnu/libopenjp2.so.2.4.0
7f08fbb68000-7f08fbb77000 r--p 00046000 103:02 12196993                  /usr/lib/x86_64-linux-gnu/libopenjp2.so.2.4.0
7f08fbb77000-7f08fbb78000 ---p 00055000 103:02 12196993                  /usr/lib/x86_64-linux-gnu/libopenjp2.so.2.4.0
7f08fbb78000-7f08fbb79000 r--p 00055000 103:02 12196993                  /usr/lib/x86_64-linux-gnu/libopenjp2.so.2.4.0
7f08fbb79000-7f08fbb7a000 rw-p 00056000 103:02 12196993                  /usr/lib/x86_64-linux-gnu/libopenjp2.so.2.4.0
7f08fbb7a000-7f08fbb82000 r--p 00000000 103:02 12193128                  /usr/lib/x86_64-linux-gnu/libtiff.so.5.7.0
7f08fbb82000-7f08fbbca000 r-xp 00008000 103:02 12193128                  /usr/lib/x86_64-linux-gnu/libtiff.so.5.7.0
7f08fbbca000-7f08fbbfa000 r--p 00050000 103:02 12193128                  /usr/lib/x86_64-linux-gnu/libtiff.so.5.7.0
7f08fbbfa000-7f08fbbff000 r--p 0007f000 103:02 12193128                  /usr/lib/x86_64-linux-gnu/libtiff.so.5.7.0
7f08fbbff000-7f08fbc00000 rw-p 00084000 103:02 12193128                  /usr/lib/x86_64-linux-gnu/libtiff.so.5.7.0
7f08fbc00000-7f08fbc65000 r--p 00000000 103:02 12189741                  /usr/lib/x86_64-linux-gnu/libtesseract.so.4.0.1
7f08fbc65000-7f08fbe4e000 r-xp 00065000 103:02 12189741                  /usr/lib/x86_64-linux-gnu/libtesseract.so.4.0.1
7f08fbe4e000-7f08fbf01000 r--p 0024e000 103:02 12189741                  /usr/lib/x86_64-linux-gnu/libtesseract.so.4.0.1
7f08fbf01000-7f08fbf06000 r--p 00300000 103:02 12189741                  /usr/lib/x86_64-linux-gnu/libtesseract.so.4.0.1
7f08fbf06000-7f08fbf07000 rw-p 00305000 103:02 12189741                  /usr/lib/x86_64-linux-gnu/libtesseract.so.4.0.1
7f08fbf07000-7f08fbf0a000 rw-p 00000000 00:00 0 
7f08fbf13000-7f08fbf15000 r--p 00000000 103:02 12194068                  /usr/lib/x86_64-linux-gnu/libwebp.so.7.1.3
7f08fbf15000-7f08fbf6a000 r-xp 00002000 103:02 12194068                  /usr/lib/x86_64-linux-gnu/libwebp.so.7.1.3
7f08fbf6a000-7f08fbf7b000 r--p 00057000 103:02 12194068                  /usr/lib/x86_64-linux-gnu/libwebp.so.7.1.3
7f08fbf7b000-7f08fbf7c000 r--p 00067000 103:02 12194068                  /usr/lib/x86_64-linux-gnu/libwebp.so.7.1.3
7f08fbf7c000-7f08fbf7d000 rw-p 00068000 103:02 12194068                  /usr/lib/x86_64-linux-gnu/libwebp.so.7.1.3
7f08fbf7d000-7f08fbf7f000 rw-p 00000000 00:00 0 
7f08fbf7f000-7f08fbf83000 r--p 00000000 103:02 12196795                  /usr/lib/x86_64-linux-gnu/libjpeg.so.8.2.2
7f08fbf83000-7f08fbfcc000 r-xp 00004000 103:02 12196795                  /usr/lib/x86_64-linux-gnu/libjpeg.so.8.2.2
7f08fbfcc000-7f08fbffe000 r--p 0004d000 103:02 12196795                  /usr/lib/x86_64-linux-gnu/libjpeg.so.8.2.2
7f08fbffe000-7f08fbfff000 r--p 0007e000 103:02 12196795                  /usr/lib/x86_64-linux-gnu/libjpeg.so.8.2.2
7f08fbfff000-7f08fc000000 rw-p 0007f000 103:02 12196795                  /usr/lib/x86_64-linux-gnu/libjpeg.so.8.2.2
7f08fc000000-7f08fc021000 rw-p 00000000 00:00 0 
7f08fc021000-7f0900000000 ---p 00000000 00:00 0 
7f0900000000-7f0900021000 rw-p 00000000 00:00 0 
7f0900021000-7f0904000000 ---p 00000000 00:00 0 
7f0904000000-7f0904021000 rw-p 00000000 00:00 0 
7f0904021000-7f0908000000 ---p 00000000 00:00 0 
7f0908000000-7f0908021000 rw-p 00000000 00:00 0 
7f0908021000-7f090c000000 ---p 00000000 00:00 0 
7f090c000000-7f090c2e9000 rw-p 00000000 00:00 0 
7f090c2e9000-7f0910000000 ---p 00000000 00:00 0 
7f0910000000-7f0910021000 rw-p 00000000 00:00 0 
7f0910021000-7f0914000000 ---p 00000000 00:00 0 
7f0914000000-7f0914021000 rw-p 00000000 00:00 0 
7f0914021000-7f0918000000 ---p 00000000 00:00 0 
7f0918000000-7f0918645000 rw-p 00000000 00:00 0 
7f0918645000-7f091c000000 ---p 00000000 00:00 0 
7f091c000000-7f091c021000 rw-p 00000000 00:00 0 
7f091c021000-7f0920000000 ---p 00000000 00:00 0 
7f0920000000-7f0920021000 rw-p 00000000 00:00 0 
7f0920021000-7f0924000000 ---p 00000000 00:00 0 
7f0924000000-7f0924021000 rw-p 00000000 00:00 0 
7f0924021000-7f0928000000 ---p 00000000 00:00 0 
7f0928000000-7f0928021000 rw-p 00000000 00:00 0 
7f0928021000-7f092c000000 ---p 00000000 00:00 0 
7f092c000000-7f092c021000 rw-p 00000000 00:00 0 
7f092c021000-7f0930000000 ---p 00000000 00:00 0 
7f0930000000-7f0930021000 rw-p 00000000 00:00 0 
7f0930021000-7f0934000000 ---p 00000000 00:00 0 
7f0934000000-7f09344f0000 rw-p 00000000 00:00 0 
7f09344f0000-7f0934510000 rw-p 00000000 00:00 0 
7f0934510000-7f0934530000 rw-p 00000000 00:00 0 
7f0934530000-7f0934570000 rw-p 00000000 00:00 0 
7f0934570000-7f09346f0000 rw-p 00000000 00:00 0 
7f09346f0000-7f0934750000 rw-p 00000000 00:00 0 
7f0934750000-7f0934770000 rw-p 00000000 00:00 0 
7f0934770000-7f09348f0000 rw-p 00000000 00:00 0 
7f09348f0000-7f0934930000 rw-p 00000000 00:00 0 
7f0934930000-7f0934970000 rw-p 00000000 00:00 0 
7f0934970000-7f0934af0000 rw-p 00000000 00:00 0 
7f0934af0000-7f0934c20000 rw-p 00000000 00:00 0 
7f0934c20000-7f0934d00000 ---p 00000000 00:00 0 
7f0934d00000-7f0934d80000 rw-p 00000000 00:00 0 
7f0934d80000-7f0938000000 ---p 00000000 00:00 0 
7f0938000000-7f0938021000 rw-p 00000000 00:00 0 
7f0938021000-7f093c000000 ---p 00000000 00:00 0 
7f093c00e000-7f093c00f000 r--p 00000000 103:02 12196323                  /usr/lib/x86_64-linux-gnu/libdeflate.so.0
7f093c00f000-7f093c02b000 r-xp 00001000 103:02 12196323                  /usr/lib/x86_64-linux-gnu/libdeflate.so.0
7f093c02b000-7f093c02f000 r--p 0001d000 103:02 12196323                  /usr/lib/x86_64-linux-gnu/libdeflate.so.0
7f093c02f000-7f093c030000 ---p 00021000 103:02 12196323                  /usr/lib/x86_64-linux-gnu/libdeflate.so.0
7f093c030000-7f093c031000 r--p 00021000 103:02 12196323                  /usr/lib/x86_64-linux-gnu/libdeflate.so.0
7f093c031000-7f093c032000 rw-p 00022000 103:02 12196323                  /usr/lib/x86_64-linux-gnu/libdeflate.so.0
7f093c032000-7f093c034000 r--p 00000000 103:02 12195521                  /usr/lib/x86_64-linux-gnu/libjbig.so.0
7f093c034000-7f093c03d000 r-xp 00002000 103:02 12195521                  /usr/lib/x86_64-linux-gnu/libjbig.so.0
7f093c03d000-7f093c03f000 r--p 0000b000 103:02 12195521                  /usr/lib/x86_64-linux-gnu/libjbig.so.0
7f093c03f000-7f093c040000 r--p 0000c000 103:02 12195521                  /usr/lib/x86_64-linux-gnu/libjbig.so.0
7f093c040000-7f093c043000 rw-p 0000d000 103:02 12195521                  /usr/lib/x86_64-linux-gnu/libjbig.so.0
7f093c043000-7f093c045000 r--p 00000000 103:02 12194072                  /usr/lib/x86_64-linux-gnu/libwebpmux.so.3.0.8
7f093c045000-7f093c04c000 r-xp 00002000 103:02 12194072                  /usr/lib/x86_64-linux-gnu/libwebpmux.so.3.0.8
7f093c04c000-7f093c04e000 r--p 00009000 103:02 12194072                  /usr/lib/x86_64-linux-gnu/libwebpmux.so.3.0.8
7f093c04e000-7f093c04f000 r--p 0000a000 103:02 12194072                  /usr/lib/x86_64-linux-gnu/libwebpmux.so.3.0.8
7f093c04f000-7f093c050000 rw-p 0000b000 103:02 12194072                  /usr/lib/x86_64-linux-gnu/libwebpmux.so.3.0.8
7f093c050000-7f093c052000 r--p 00000000 103:02 12196534                  /usr/lib/x86_64-linux-gnu/libgif.so.7.1.0
7f093c052000-7f093c057000 r-xp 00002000 103:02 12196534                  /usr/lib/x86_64-linux-gnu/libgif.so.7.1.0
7f093c057000-7f093c059000 r--p 00007000 103:02 12196534                  /usr/lib/x86_64-linux-gnu/libgif.so.7.1.0
7f093c059000-7f093c05a000 r--p 00008000 103:02 12196534                  /usr/lib/x86_64-linux-gnu/libgif.so.7.1.0
7f093c05a000-7f093c05b000 rw-p 00009000 103:02 12196534                  /usr/lib/x86_64-linux-gnu/libgif.so.7.1.0
7f093c05b000-7f093c060000 r--p 00000000 103:02 12197091                  /usr/lib/x86_64-linux-gnu/libpng16.so.16.37.0
7f093c060000-7f093c089000 r-xp 00005000 103:02 12197091                  /usr/lib/x86_64-linux-gnu/libpng16.so.16.37.0
7f093c089000-7f093c094000 r--p 0002e000 103:02 12197091                  /usr/lib/x86_64-linux-gnu/libpng16.so.16.37.0
7f093c094000-7f093c095000 r--p 00038000 103:02 12197091                  /usr/lib/x86_64-linux-gnu/libpng16.so.16.37.0
7f093c095000-7f093c096000 rw-p 00039000 103:02 12197091                  /usr/lib/x86_64-linux-gnu/libpng16.so.16.37.0
7f093c0c8000-7f093c109000 rw-p 00000000 00:00 0 
7f093c109000-7f093c10b000 r--p 00000000 103:02 12196193                  /usr/lib/x86_64-linux-gnu/libbz2.so.1.0.4
7f093c10b000-7f093c118000 r-xp 00002000 103:02 12196193                  /usr/lib/x86_64-linux-gnu/libbz2.so.1.0.4
7f093c118000-7f093c11a000 r--p 0000f000 103:02 12196193                  /usr/lib/x86_64-linux-gnu/libbz2.so.1.0.4
7f093c11a000-7f093c11b000 r--p 00010000 103:02 12196193                  /usr/lib/x86_64-linux-gnu/libbz2.so.1.0.4
7f093c11b000-7f093c11c000 rw-p 00011000 103:02 12196193                  /usr/lib/x86_64-linux-gnu/libbz2.so.1.0.4
7f093c11c000-7f093c11e000 r--p 00000000 103:02 12196840                  /usr/lib/x86_64-linux-gnu/liblz4.so.1.9.3
7f093c11e000-7f093c137000 r-xp 00002000 103:02 12196840                  /usr/lib/x86_64-linux-gnu/liblz4.so.1.9.3
7f093c137000-7f093c139000 r--p 0001b000 103:02 12196840                  /usr/lib/x86_64-linux-gnu/liblz4.so.1.9.3
7f093c139000-7f093c13a000 ---p 0001d000 103:02 12196840                  /usr/lib/x86_64-linux-gnu/liblz4.so.1.9.3
7f093c13a000-7f093c13b000 r--p 0001d000 103:02 12196840                  /usr/lib/x86_64-linux-gnu/liblz4.so.1.9.3
7f093c13b000-7f093c13c000 rw-p 0001e000 103:02 12196840                  /usr/lib/x86_64-linux-gnu/liblz4.so.1.9.3
7f093c13c000-7f093c146000 r--p 00000000 103:02 12197556                  /usr/lib/x86_64-linux-gnu/libzstd.so.1.4.8
7f093c146000-7f093c1f8000 r-xp 0000a000 103:02 12197556                  /usr/lib/x86_64-linux-gnu/libzstd.so.1.4.8
7f093c1f8000-7f093c209000 r--p 000bc000 103:02 12197556                  /usr/lib/x86_64-linux-gnu/libzstd.so.1.4.8
7f093c209000-7f093c20a000 r--p 000cc000 103:02 12197556                  /usr/lib/x86_64-linux-gnu/libzstd.so.1.4.8
7f093c20a000-7f093c20b000 rw-p 000cd000 103:02 12197556                  /usr/lib/x86_64-linux-gnu/libzstd.so.1.4.8
7f093c20b000-7f093c20e000 r--p 00000000 103:02 12196842                  /usr/lib/x86_64-linux-gnu/liblzma.so.5.2.5
7f093c20e000-7f093c229000 r-xp 00003000 103:02 12196842                  /usr/lib/x86_64-linux-gnu/liblzma.so.5.2.5
7f093c229000-7f093c234000 r--p 0001e000 103:02 12196842                  /usr/lib/x86_64-linux-gnu/liblzma.so.5.2.5
7f093c234000-7f093c235000 r--p 00028000 103:02 12196842                  /usr/lib/x86_64-linux-gnu/liblzma.so.5.2.5
7f093c235000-7f093c236000 rw-p 00029000 103:02 12196842                  /usr/lib/x86_64-linux-gnu/liblzma.so.5.2.5
7f093c236000-7f093c248000 r--p 00000000 103:02 12196093                  /usr/lib/x86_64-linux-gnu/libarchive.so.13.6.0
7f093c248000-7f093c2d2000 r-xp 00012000 103:02 12196093                  /usr/lib/x86_64-linux-gnu/libarchive.so.13.6.0
7f093c2d2000-7f093c2fb000 r--p 0009c000 103:02 12196093                  /usr/lib/x86_64-linux-gnu/libarchive.so.13.6.0
7f093c2fb000-7f093c2ff000 r--p 000c4000 103:02 12196093                  /usr/lib/x86_64-linux-gnu/libarchive.so.13.6.0
7f093c2ff000-7f093c300000 rw-p 000c8000 103:02 12196093                  /usr/lib/x86_64-linux-gnu/libarchive.so.13.6.0
7f093c300000-7f093c317000 r-xp 00000000 103:02 3276879                   /tmp/jna-112212597/jna5236785440511735571.tmp (deleted)
7f093c317000-7f093c416000 ---p 00017000 103:02 3276879                   /tmp/jna-112212597/jna5236785440511735571.tmp (deleted)
7f093c416000-7f093c418000 rw-p 00016000 103:02 3276879                   /tmp/jna-112212597/jna5236785440511735571.tmp (deleted)
7f093c41e000-7f093c420000 r--p 00000000 103:02 12196076                  /usr/lib/x86_64-linux-gnu/libacl.so.1.1.2301
7f093c420000-7f093c424000 r-xp 00002000 103:02 12196076                  /usr/lib/x86_64-linux-gnu/libacl.so.1.1.2301
7f093c424000-7f093c425000 r--p 00006000 103:02 12196076                  /usr/lib/x86_64-linux-gnu/libacl.so.1.1.2301
7f093c425000-7f093c426000 ---p 00007000 103:02 12196076                  /usr/lib/x86_64-linux-gnu/libacl.so.1.1.2301
7f093c426000-7f093c427000 r--p 00007000 103:02 12196076                  /usr/lib/x86_64-linux-gnu/libacl.so.1.1.2301
7f093c427000-7f093c428000 rw-p 00008000 103:02 12196076                  /usr/lib/x86_64-linux-gnu/libacl.so.1.1.2301
7f093c428000-7f093c432000 r--p 00000000 103:02 12196933                  /usr/lib/x86_64-linux-gnu/libnettle.so.8.4
7f093c432000-7f093c455000 r-xp 0000a000 103:02 12196933                  /usr/lib/x86_64-linux-gnu/libnettle.so.8.4
7f093c455000-7f093c46b000 r--p 0002d000 103:02 12196933                  /usr/lib/x86_64-linux-gnu/libnettle.so.8.4
7f093c46b000-7f093c46d000 r--p 00042000 103:02 12196933                  /usr/lib/x86_64-linux-gnu/libnettle.so.8.4
7f093c46d000-7f093c46e000 rw-p 00044000 103:02 12196933                  /usr/lib/x86_64-linux-gnu/libnettle.so.8.4
7f093c46e000-7f093c478000 r--p 00000000 103:02 12190686                  /usr/lib/x86_64-linux-gnu/libgomp.so.1.0.0
7f093c478000-7f093c4a9000 r-xp 0000a000 103:02 12190686                  /usr/lib/x86_64-linux-gnu/libgomp.so.1.0.0
7f093c4a9000-7f093c4b6000 r--p 0003b000 103:02 12190686                  /usr/lib/x86_64-linux-gnu/libgomp.so.1.0.0
7f093c4b6000-7f093c4b7000 r--p 00047000 103:02 12190686                  /usr/lib/x86_64-linux-gnu/libgomp.so.1.0.0
7f093c4b7000-7f093c4b8000 rw-p 00048000 103:02 12190686                  /usr/lib/x86_64-linux-gnu/libgomp.so.1.0.0
7f093c4b8000-7f093c4bb000 r--p 00000000 103:02 12192691                  /usr/lib/x86_64-linux-gnu/libgcc_s.so.1
7f093c4bb000-7f093c4d2000 r-xp 00003000 103:02 12192691                  /usr/lib/x86_64-linux-gnu/libgcc_s.so.1
7f093c4d2000-7f093c4d6000 r--p 0001a000 103:02 12192691                  /usr/lib/x86_64-linux-gnu/libgcc_s.so.1
7f093c4d6000-7f093c4d7000 r--p 0001d000 103:02 12192691                  /usr/lib/x86_64-linux-gnu/libgcc_s.so.1
7f093c4d7000-7f093c4d8000 rw-p 0001e000 103:02 12192691                  /usr/lib/x86_64-linux-gnu/libgcc_s.so.1
7f093c4d8000-7f093c4dc000 ---p 00000000 00:00 0 
7f093c4dc000-7f093c5d8000 rw-p 00000000 00:00 0 
7f093c5d8000-7f093c5da000 r--p 00000000 103:02 12196856                  /usr/lib/x86_64-linux-gnu/libmd.so.0.0.5
7f093c5da000-7f093c5e1000 r-xp 00002000 103:02 12196856                  /usr/lib/x86_64-linux-gnu/libmd.so.0.0.5
7f093c5e1000-7f093c5e3000 r--p 00009000 103:02 12196856                  /usr/lib/x86_64-linux-gnu/libmd.so.0.0.5
7f093c5e3000-7f093c5e4000 r--p 0000a000 103:02 12196856                  /usr/lib/x86_64-linux-gnu/libmd.so.0.0.5
7f093c5e4000-7f093c5e5000 rw-p 0000b000 103:02 12196856                  /usr/lib/x86_64-linux-gnu/libmd.so.0.0.5
7f093c5e5000-7f093c5e9000 r--p 00000000 103:02 12196190                  /usr/lib/x86_64-linux-gnu/libbsd.so.0.11.5
7f093c5e9000-7f093c5f6000 r-xp 00004000 103:02 12196190                  /usr/lib/x86_64-linux-gnu/libbsd.so.0.11.5
7f093c5f6000-7f093c5f9000 r--p 00011000 103:02 12196190                  /usr/lib/x86_64-linux-gnu/libbsd.so.0.11.5
7f093c5f9000-7f093c5fa000 ---p 00014000 103:02 12196190                  /usr/lib/x86_64-linux-gnu/libbsd.so.0.11.5
7f093c5fa000-7f093c5fb000 r--p 00014000 103:02 12196190                  /usr/lib/x86_64-linux-gnu/libbsd.so.0.11.5
7f093c5fb000-7f093c5fc000 rw-p 00015000 103:02 12196190                  /usr/lib/x86_64-linux-gnu/libbsd.so.0.11.5
7f093c5fc000-7f093c5fd000 rw-p 00000000 00:00 0 
7f093c5fd000-7f093c608000 r--p 00000000 103:02 12197512                  /usr/lib/x86_64-linux-gnu/libxcb.so.1.1.0
7f093c608000-7f093c61c000 r-xp 0000b000 103:02 12197512                  /usr/lib/x86_64-linux-gnu/libxcb.so.1.1.0
7f093c61c000-7f093c625000 r--p 0001f000 103:02 12197512                  /usr/lib/x86_64-linux-gnu/libxcb.so.1.1.0
7f093c625000-7f093c626000 r--p 00027000 103:02 12197512                  /usr/lib/x86_64-linux-gnu/libxcb.so.1.1.0
7f093c626000-7f093c627000 rw-p 00028000 103:02 12197512                  /usr/lib/x86_64-linux-gnu/libxcb.so.1.1.0
7f093c627000-7f093c62a000 r--p 00000000 103:02 12195920                  /usr/lib/x86_64-linux-gnu/libXi.so.6.1.0
7f093c62a000-7f093c636000 r-xp 00003000 103:02 12195920                  /usr/lib/x86_64-linux-gnu/libXi.so.6.1.0
7f093c636000-7f093c639000 r--p 0000f000 103:02 12195920                  /usr/lib/x86_64-linux-gnu/libXi.so.6.1.0
7f093c639000-7f093c63a000 r--p 00011000 103:02 12195920                  /usr/lib/x86_64-linux-gnu/libXi.so.6.1.0
7f093c63a000-7f093c63b000 rw-p 00012000 103:02 12195920                  /usr/lib/x86_64-linux-gnu/libXi.so.6.1.0
7f093c63b000-7f093c654000 r--p 00000000 103:02 12190211                  /usr/lib/x86_64-linux-gnu/libX11.so.6.4.0
7f093c654000-7f093c6e0000 r-xp 00019000 103:02 12190211                  /usr/lib/x86_64-linux-gnu/libX11.so.6.4.0
7f093c6e0000-7f093c775000 r--p 000a5000 103:02 12190211                  /usr/lib/x86_64-linux-gnu/libX11.so.6.4.0
7f093c775000-7f093c776000 ---p 0013a000 103:02 12190211                  /usr/lib/x86_64-linux-gnu/libX11.so.6.4.0
7f093c776000-7f093c777000 r--p 0013a000 103:02 12190211                  /usr/lib/x86_64-linux-gnu/libX11.so.6.4.0
7f093c777000-7f093c77b000 rw-p 0013b000 103:02 12190211                  /usr/lib/x86_64-linux-gnu/libX11.so.6.4.0
7f093c77b000-7f093c78b000 r--p 00000000 103:02 4121399                   /home/vinic/.p2/pool/plugins/org.eclipse.justj.openjdk.hotspot.jre.full.linux.x86_64_17.0.8.v20230801-1951/jre/lib/libawt_xawt.so
7f093c78b000-7f093c7c9000 r-xp 00010000 103:02 4121399                   /home/vinic/.p2/pool/plugins/org.eclipse.justj.openjdk.hotspot.jre.full.linux.x86_64_17.0.8.v20230801-1951/jre/lib/libawt_xawt.so
7f093c7c9000-7f093c7da000 r--p 0004e000 103:02 4121399                   /home/vinic/.p2/pool/plugins/org.eclipse.justj.openjdk.hotspot.jre.full.linux.x86_64_17.0.8.v20230801-1951/jre/lib/libawt_xawt.so
7f093c7da000-7f093c7db000 ---p 0005f000 103:02 4121399                   /home/vinic/.p2/pool/plugins/org.eclipse.justj.openjdk.hotspot.jre.full.linux.x86_64_17.0.8.v20230801-1951/jre/lib/libawt_xawt.so
7f093c7db000-7f093c7dc000 r--p 0005f000 103:02 4121399                   /home/vinic/.p2/pool/plugins/org.eclipse.justj.openjdk.hotspot.jre.full.linux.x86_64_17.0.8.v20230801-1951/jre/lib/libawt_xawt.so
7f093c7dc000-7f093c7de000 rw-p 00060000 103:02 4121399                   /home/vinic/.p2/pool/plugins/org.eclipse.justj.openjdk.hotspot.jre.full.linux.x86_64_17.0.8.v20230801-1951/jre/lib/libawt_xawt.so
7f093c7de000-7f093c7e0000 rw-p 00000000 00:00 0 
7f093c7e0000-7f093c80d000 r--p 00000000 103:02 4121397                   /home/vinic/.p2/pool/plugins/org.eclipse.justj.openjdk.hotspot.jre.full.linux.x86_64_17.0.8.v20230801-1951/jre/lib/libawt.so
7f093c80d000-7f093c88f000 r-xp 0002d000 103:02 4121397                   /home/vinic/.p2/pool/plugins/org.eclipse.justj.openjdk.hotspot.jre.full.linux.x86_64_17.0.8.v20230801-1951/jre/lib/libawt.so
7f093c88f000-7f093c89c000 r--p 000af000 103:02 4121397                   /home/vinic/.p2/pool/plugins/org.eclipse.justj.openjdk.hotspot.jre.full.linux.x86_64_17.0.8.v20230801-1951/jre/lib/libawt.so
7f093c89c000-7f093c89d000 r--p 000bb000 103:02 4121397                   /home/vinic/.p2/pool/plugins/org.eclipse.justj.openjdk.hotspot.jre.full.linux.x86_64_17.0.8.v20230801-1951/jre/lib/libawt.so
7f093c89d000-7f093c8a8000 rw-p 000bc000 103:02 4121397                   /home/vinic/.p2/pool/plugins/org.eclipse.justj.openjdk.hotspot.jre.full.linux.x86_64_17.0.8.v20230801-1951/jre/lib/libawt.so
7f093c8a8000-7f093c8cd000 rw-p 00000000 00:00 0 
7f093c8cd000-7f093c8ce000 ---p 00000000 00:00 0 
7f093c8ce000-7f093c9cf000 rw-p 00000000 00:00 0 
7f093c9cf000-7f093c9d3000 ---p 00000000 00:00 0 
7f093c9d3000-7f093cacf000 rw-p 00000000 00:00 0 
7f093cacf000-7f093cad3000 ---p 00000000 00:00 0 
7f093cad3000-7f093cc00000 rw-p 00000000 00:00 0 
7f093cc00000-7f093cc04000 ---p 00000000 00:00 0 
7f093cc04000-7f093cd00000 rw-p 00000000 00:00 0 
7f093cd00000-7f093cd04000 ---p 00000000 00:00 0 
7f093cd04000-7f093ce00000 rw-p 00000000 00:00 0 
7f093ce00000-7f093ce04000 ---p 00000000 00:00 0 
7f093ce04000-7f093cf00000 rw-p 00000000 00:00 0 
7f093cf00000-7f093cf04000 ---p 00000000 00:00 0 
7f093cf04000-7f093d000000 rw-p 00000000 00:00 0 
7f093d000000-7f093d004000 ---p 00000000 00:00 0 
7f093d004000-7f093d100000 rw-p 00000000 00:00 0 
7f093d100000-7f093d104000 ---p 00000000 00:00 0 
7f093d104000-7f093d200000 rw-p 00000000 00:00 0 
7f093d200000-7f093dfe7000 r--p 00000000 103:02 12195153                  /usr/lib/locale/locale-archive
7f093dfeb000-7f093dfef000 r--p 00000000 103:02 12195912                  /usr/lib/x86_64-linux-gnu/libXext.so.6.4.0
7f093dfef000-7f093dffa000 r-xp 00004000 103:02 12195912                  /usr/lib/x86_64-linux-gnu/libXext.so.6.4.0
7f093dffa000-7f093dffe000 r--p 0000f000 103:02 12195912                  /usr/lib/x86_64-linux-gnu/libXext.so.6.4.0
7f093dffe000-7f093dfff000 r--p 00012000 103:02 12195912                  /usr/lib/x86_64-linux-gnu/libXext.so.6.4.0
7f093dfff000-7f093e000000 rw-p 00013000 103:02 12195912                  /usr/lib/x86_64-linux-gnu/libXext.so.6.4.0
7f093e000000-7f0940000000 rw-p 00000000 00:00 0 
7f0940000000-7f0940021000 rw-p 00000000 00:00 0 
7f0940021000-7f0944000000 ---p 00000000 00:00 0 
7f0944000000-7f0944021000 rw-p 00000000 00:00 0 
7f0944021000-7f0948000000 ---p 00000000 00:00 0 
7f0948000000-7f0948021000 rw-p 00000000 00:00 0 
7f0948021000-7f094c000000 ---p 00000000 00:00 0 
7f094c004000-7f094c006000 r--p 00000000 103:02 12195910                  /usr/lib/x86_64-linux-gnu/libXdmcp.so.6.0.0
7f094c006000-7f094c008000 r-xp 00002000 103:02 12195910                  /usr/lib/x86_64-linux-gnu/libXdmcp.so.6.0.0
7f094c008000-7f094c00a000 r--p 00004000 103:02 12195910                  /usr/lib/x86_64-linux-gnu/libXdmcp.so.6.0.0
7f094c00a000-7f094c00b000 r--p 00005000 103:02 12195910                  /usr/lib/x86_64-linux-gnu/libXdmcp.so.6.0.0
7f094c00b000-7f094c00c000 rw-p 00006000 103:02 12195910                  /usr/lib/x86_64-linux-gnu/libXdmcp.so.6.0.0
7f094c01b000-7f094c022000 r--s 00000000 103:02 12848925                  /usr/lib/x86_64-linux-gnu/gconv/gconv-modules.cache
7f094c022000-7f094c026000 r--p 00000000 103:02 4121392                   /home/vinic/.p2/pool/plugins/org.eclipse.justj.openjdk.hotspot.jre.full.linux.x86_64_17.0.8.v20230801-1951/jre/lib/libnet.so
7f094c026000-7f094c034000 r-xp 00004000 103:02 4121392                   /home/vinic/.p2/pool/plugins/org.eclipse.justj.openjdk.hotspot.jre.full.linux.x86_64_17.0.8.v20230801-1951/jre/lib/libnet.so
7f094c034000-7f094c038000 r--p 00012000 103:02 4121392                   /home/vinic/.p2/pool/plugins/org.eclipse.justj.openjdk.hotspot.jre.full.linux.x86_64_17.0.8.v20230801-1951/jre/lib/libnet.so
7f094c038000-7f094c039000 r--p 00015000 103:02 4121392                   /home/vinic/.p2/pool/plugins/org.eclipse.justj.openjdk.hotspot.jre.full.linux.x86_64_17.0.8.v20230801-1951/jre/lib/libnet.so
7f094c039000-7f094c03a000 rw-p 00016000 103:02 4121392                   /home/vinic/.p2/pool/plugins/org.eclipse.justj.openjdk.hotspot.jre.full.linux.x86_64_17.0.8.v20230801-1951/jre/lib/libnet.so
7f094c03a000-7f094c03e000 ---p 00000000 00:00 0 
7f094c03e000-7f094c13a000 rw-p 00000000 00:00 0 
7f094c13a000-7f094c13e000 ---p 00000000 00:00 0 
7f094c13e000-7f094c23a000 rw-p 00000000 00:00 0 
7f094c23a000-7f094c23b000 ---p 00000000 00:00 0 
7f094c23b000-7f094c33c000 rw-p 00000000 00:00 0 
7f094c33c000-7f094c33d000 ---p 00000000 00:00 0 
7f094c33d000-7f094c43e000 rw-p 00000000 00:00 0 
7f094c43e000-7f094c43f000 ---p 00000000 00:00 0 
7f094c43f000-7f094cd48000 rw-p 00000000 00:00 0 
7f094cd48000-7f094cd49000 ---p 00000000 00:00 0 
7f094cd49000-7f094ce4a000 rw-p 00000000 00:00 0 
7f094ce4a000-7f094ce4b000 ---p 00000000 00:00 0 
7f094ce4b000-7f094cf4c000 rw-p 00000000 00:00 0 
7f094cf4c000-7f094cf4d000 ---p 00000000 00:00 0 
7f094cf4d000-7f094d236000 rw-p 00000000 00:00 0 
7f094d236000-7f094ee7e000 ---p 00000000 00:00 0 
7f094ee7e000-7f094f066000 rw-p 00000000 00:00 0 
7f094f066000-7f0950cae000 ---p 00000000 00:00 0 
7f0950cae000-7f0950ceb000 rw-p 00000000 00:00 0 
7f0950ceb000-7f0951074000 ---p 00000000 00:00 0 
7f0951074000-7f09510b1000 rw-p 00000000 00:00 0 
7f09510b1000-7f095143a000 ---p 00000000 00:00 0 
7f095143a000-7f0951477000 rw-p 00000000 00:00 0 
7f0951477000-7f0951800000 ---p 00000000 00:00 0 
7f0951800000-7f0951a70000 rwxp 00000000 00:00 0 
7f0951a70000-7f0958d37000 ---p 00000000 00:00 0 
7f0958d37000-7f0958fa7000 rwxp 00000000 00:00 0 
7f0958fa7000-7f09592c9000 ---p 00000000 00:00 0 
7f09592c9000-7f0959539000 rwxp 00000000 00:00 0 
7f0959539000-7f0960800000 ---p 00000000 00:00 0 
7f0960800000-7f0963e6b000 r--s 00000000 103:02 4121383                   /home/vinic/.p2/pool/plugins/org.eclipse.justj.openjdk.hotspot.jre.full.linux.x86_64_17.0.8.v20230801-1951/jre/lib/modules
7f0963e6b000-7f0963e6c000 r--p 00000000 103:02 12195899                  /usr/lib/x86_64-linux-gnu/libXau.so.6.0.0
7f0963e6c000-7f0963e6e000 r-xp 00001000 103:02 12195899                  /usr/lib/x86_64-linux-gnu/libXau.so.6.0.0
7f0963e6e000-7f0963e6f000 r--p 00003000 103:02 12195899                  /usr/lib/x86_64-linux-gnu/libXau.so.6.0.0
7f0963e6f000-7f0963e70000 r--p 00003000 103:02 12195899                  /usr/lib/x86_64-linux-gnu/libXau.so.6.0.0
7f0963e70000-7f0963e71000 rw-p 00004000 103:02 12195899                  /usr/lib/x86_64-linux-gnu/libXau.so.6.0.0
7f0963e71000-7f0963e73000 r--p 00000000 103:02 12195932                  /usr/lib/x86_64-linux-gnu/libXrender.so.1.3.0
7f0963e73000-7f0963e7a000 r-xp 00002000 103:02 12195932                  /usr/lib/x86_64-linux-gnu/libXrender.so.1.3.0
7f0963e7a000-7f0963e7c000 r--p 00009000 103:02 12195932                  /usr/lib/x86_64-linux-gnu/libXrender.so.1.3.0
7f0963e7c000-7f0963e7d000 r--p 0000a000 103:02 12195932                  /usr/lib/x86_64-linux-gnu/libXrender.so.1.3.0
7f0963e7d000-7f0963e7e000 rw-p 0000b000 103:02 12195932                  /usr/lib/x86_64-linux-gnu/libXrender.so.1.3.0
7f0963e7e000-7f0964000000 rw-p 00000000 00:00 0 
7f0964000000-7f0964795000 rw-p 00000000 00:00 0 
7f0964795000-7f0968000000 ---p 00000000 00:00 0 
7f0968004000-7f0968006000 r--p 00000000 103:02 12195938                  /usr/lib/x86_64-linux-gnu/libXtst.so.6.1.0
7f0968006000-7f0968009000 r-xp 00002000 103:02 12195938                  /usr/lib/x86_64-linux-gnu/libXtst.so.6.1.0
7f0968009000-7f096800a000 r--p 00005000 103:02 12195938                  /usr/lib/x86_64-linux-gnu/libXtst.so.6.1.0
7f096800a000-7f096800b000 r--p 00005000 103:02 12195938                  /usr/lib/x86_64-linux-gnu/libXtst.so.6.1.0
7f096800b000-7f096800c000 rw-p 00006000 103:02 12195938                  /usr/lib/x86_64-linux-gnu/libXtst.so.6.1.0
7f096800c000-7f0968013000 r--p 00000000 103:02 4121393                   /home/vinic/.p2/pool/plugins/org.eclipse.justj.openjdk.hotspot.jre.full.linux.x86_64_17.0.8.v20230801-1951/jre/lib/libnio.so
7f0968013000-7f096801c000 r-xp 00007000 103:02 4121393                   /home/vinic/.p2/pool/plugins/org.eclipse.justj.openjdk.hotspot.jre.full.linux.x86_64_17.0.8.v20230801-1951/jre/lib/libnio.so
7f096801c000-7f0968020000 r--p 00010000 103:02 4121393                   /home/vinic/.p2/pool/plugins/org.eclipse.justj.openjdk.hotspot.jre.full.linux.x86_64_17.0.8.v20230801-1951/jre/lib/libnio.so
7f0968020000-7f0968021000 ---p 00014000 103:02 4121393                   /home/vinic/.p2/pool/plugins/org.eclipse.justj.openjdk.hotspot.jre.full.linux.x86_64_17.0.8.v20230801-1951/jre/lib/libnio.so
7f0968021000-7f0968022000 r--p 00014000 103:02 4121393                   /home/vinic/.p2/pool/plugins/org.eclipse.justj.openjdk.hotspot.jre.full.linux.x86_64_17.0.8.v20230801-1951/jre/lib/libnio.so
7f0968022000-7f0968023000 rw-p 00015000 103:02 4121393                   /home/vinic/.p2/pool/plugins/org.eclipse.justj.openjdk.hotspot.jre.full.linux.x86_64_17.0.8.v20230801-1951/jre/lib/libnio.so
7f0968023000-7f096872f000 rw-p 00000000 00:00 0 
7f096872f000-7f0968815000 ---p 00000000 00:00 0 
7f0968815000-7f096881a000 rw-p 00000000 00:00 0 
7f096881a000-7f0968900000 ---p 00000000 00:00 0 
7f0968900000-7f0968904000 ---p 00000000 00:00 0 
7f0968904000-7f0968a00000 rw-p 00000000 00:00 0 
7f0968a00000-7f0968c53000 r--p 00000000 103:02 4121380                   /home/vinic/.p2/pool/plugins/org.eclipse.justj.openjdk.hotspot.jre.full.linux.x86_64_17.0.8.v20230801-1951/jre/lib/server/libjvm.so
7f0968c53000-7f0969975000 r-xp 00253000 103:02 4121380                   /home/vinic/.p2/pool/plugins/org.eclipse.justj.openjdk.hotspot.jre.full.linux.x86_64_17.0.8.v20230801-1951/jre/lib/server/libjvm.so
7f0969975000-7f0969c02000 r--p 00f75000 103:02 4121380                   /home/vinic/.p2/pool/plugins/org.eclipse.justj.openjdk.hotspot.jre.full.linux.x86_64_17.0.8.v20230801-1951/jre/lib/server/libjvm.so
7f0969c02000-7f0969cbb000 r--p 01201000 103:02 4121380                   /home/vinic/.p2/pool/plugins/org.eclipse.justj.openjdk.hotspot.jre.full.linux.x86_64_17.0.8.v20230801-1951/jre/lib/server/libjvm.so
7f0969cbb000-7f0969cf0000 rw-p 012ba000 103:02 4121380                   /home/vinic/.p2/pool/plugins/org.eclipse.justj.openjdk.hotspot.jre.full.linux.x86_64_17.0.8.v20230801-1951/jre/lib/server/libjvm.so
7f0969cf0000-7f0969d4a000 rw-p 00000000 00:00 0 
7f0969d4a000-7f0969d4e000 r--p 00000000 103:02 4121394                   /home/vinic/.p2/pool/plugins/org.eclipse.justj.openjdk.hotspot.jre.full.linux.x86_64_17.0.8.v20230801-1951/jre/lib/libverify.so
7f0969d4e000-7f0969d55000 r-xp 00004000 103:02 4121394                   /home/vinic/.p2/pool/plugins/org.eclipse.justj.openjdk.hotspot.jre.full.linux.x86_64_17.0.8.v20230801-1951/jre/lib/libverify.so
7f0969d55000-7f0969d57000 r--p 0000b000 103:02 4121394                   /home/vinic/.p2/pool/plugins/org.eclipse.justj.openjdk.hotspot.jre.full.linux.x86_64_17.0.8.v20230801-1951/jre/lib/libverify.so
7f0969d57000-7f0969d59000 r--p 0000c000 103:02 4121394                   /home/vinic/.p2/pool/plugins/org.eclipse.justj.openjdk.hotspot.jre.full.linux.x86_64_17.0.8.v20230801-1951/jre/lib/libverify.so
7f0969d59000-7f0969d5a000 rw-p 0000e000 103:02 4121394                   /home/vinic/.p2/pool/plugins/org.eclipse.justj.openjdk.hotspot.jre.full.linux.x86_64_17.0.8.v20230801-1951/jre/lib/libverify.so
7f0969d5a000-7f0969d5c000 r--p 00000000 103:02 4121395                   /home/vinic/.p2/pool/plugins/org.eclipse.justj.openjdk.hotspot.jre.full.linux.x86_64_17.0.8.v20230801-1951/jre/lib/libzip.so
7f0969d5c000-7f0969d60000 r-xp 00002000 103:02 4121395                   /home/vinic/.p2/pool/plugins/org.eclipse.justj.openjdk.hotspot.jre.full.linux.x86_64_17.0.8.v20230801-1951/jre/lib/libzip.so
7f0969d60000-7f0969d62000 r--p 00006000 103:02 4121395                   /home/vinic/.p2/pool/plugins/org.eclipse.justj.openjdk.hotspot.jre.full.linux.x86_64_17.0.8.v20230801-1951/jre/lib/libzip.so
7f0969d62000-7f0969d63000 r--p 00007000 103:02 4121395                   /home/vinic/.p2/pool/plugins/org.eclipse.justj.openjdk.hotspot.jre.full.linux.x86_64_17.0.8.v20230801-1951/jre/lib/libzip.so
7f0969d63000-7f0969d64000 rw-p 00008000 103:02 4121395                   /home/vinic/.p2/pool/plugins/org.eclipse.justj.openjdk.hotspot.jre.full.linux.x86_64_17.0.8.v20230801-1951/jre/lib/libzip.so
7f0969d64000-7f0969e00000 rw-p 00000000 00:00 0 
7f0969e00000-7f0969e28000 r--p 00000000 103:02 12196194                  /usr/lib/x86_64-linux-gnu/libc.so.6
7f0969e28000-7f0969fbd000 r-xp 00028000 103:02 12196194                  /usr/lib/x86_64-linux-gnu/libc.so.6
7f0969fbd000-7f096a015000 r--p 001bd000 103:02 12196194                  /usr/lib/x86_64-linux-gnu/libc.so.6
7f096a015000-7f096a019000 r--p 00214000 103:02 12196194                  /usr/lib/x86_64-linux-gnu/libc.so.6
7f096a019000-7f096a01b000 rw-p 00218000 103:02 12196194                  /usr/lib/x86_64-linux-gnu/libc.so.6
7f096a01b000-7f096a028000 rw-p 00000000 00:00 0 
7f096a02a000-7f096a0a7000 rw-p 00000000 00:00 0 
7f096a0a7000-7f096a0b4000 r--p 00000000 103:02 4121388                   /home/vinic/.p2/pool/plugins/org.eclipse.justj.openjdk.hotspot.jre.full.linux.x86_64_17.0.8.v20230801-1951/jre/lib/libjava.so
7f096a0b4000-7f096a0c6000 r-xp 0000d000 103:02 4121388                   /home/vinic/.p2/pool/plugins/org.eclipse.justj.openjdk.hotspot.jre.full.linux.x86_64_17.0.8.v20230801-1951/jre/lib/libjava.so
7f096a0c6000-7f096a0cc000 r--p 0001f000 103:02 4121388                   /home/vinic/.p2/pool/plugins/org.eclipse.justj.openjdk.hotspot.jre.full.linux.x86_64_17.0.8.v20230801-1951/jre/lib/libjava.so
7f096a0cc000-7f096a0cd000 ---p 00025000 103:02 4121388                   /home/vinic/.p2/pool/plugins/org.eclipse.justj.openjdk.hotspot.jre.full.linux.x86_64_17.0.8.v20230801-1951/jre/lib/libjava.so
7f096a0cd000-7f096a0ce000 r--p 00025000 103:02 4121388                   /home/vinic/.p2/pool/plugins/org.eclipse.justj.openjdk.hotspot.jre.full.linux.x86_64_17.0.8.v20230801-1951/jre/lib/libjava.so
7f096a0ce000-7f096a0cf000 rw-p 00026000 103:02 4121388                   /home/vinic/.p2/pool/plugins/org.eclipse.justj.openjdk.hotspot.jre.full.linux.x86_64_17.0.8.v20230801-1951/jre/lib/libjava.so
7f096a0cf000-7f096a0d0000 rw-p 00000000 00:00 0 
7f096a0d0000-7f096a0d4000 r--p 00000000 103:02 4121389                   /home/vinic/.p2/pool/plugins/org.eclipse.justj.openjdk.hotspot.jre.full.linux.x86_64_17.0.8.v20230801-1951/jre/lib/libjimage.so
7f096a0d4000-7f096a0e7000 r-xp 00004000 103:02 4121389                   /home/vinic/.p2/pool/plugins/org.eclipse.justj.openjdk.hotspot.jre.full.linux.x86_64_17.0.8.v20230801-1951/jre/lib/libjimage.so
7f096a0e7000-7f096a0ed000 r--p 00017000 103:02 4121389                   /home/vinic/.p2/pool/plugins/org.eclipse.justj.openjdk.hotspot.jre.full.linux.x86_64_17.0.8.v20230801-1951/jre/lib/libjimage.so
7f096a0ed000-7f096a0ef000 r--p 0001c000 103:02 4121389                   /home/vinic/.p2/pool/plugins/org.eclipse.justj.openjdk.hotspot.jre.full.linux.x86_64_17.0.8.v20230801-1951/jre/lib/libjimage.so
7f096a0ef000-7f096a0f0000 rw-p 0001e000 103:02 4121389                   /home/vinic/.p2/pool/plugins/org.eclipse.justj.openjdk.hotspot.jre.full.linux.x86_64_17.0.8.v20230801-1951/jre/lib/libjimage.so
7f096a0f0000-7f096a0fe000 r--p 00000000 103:02 12196845                  /usr/lib/x86_64-linux-gnu/libm.so.6
7f096a0fe000-7f096a17a000 r-xp 0000e000 103:02 12196845                  /usr/lib/x86_64-linux-gnu/libm.so.6
7f096a17a000-7f096a1d5000 r--p 0008a000 103:02 12196845                  /usr/lib/x86_64-linux-gnu/libm.so.6
7f096a1d5000-7f096a1d6000 r--p 000e4000 103:02 12196845                  /usr/lib/x86_64-linux-gnu/libm.so.6
7f096a1d6000-7f096a1d7000 rw-p 000e5000 103:02 12196845                  /usr/lib/x86_64-linux-gnu/libm.so.6
7f096a1d7000-7f096a1d8000 r--p 00000000 103:02 12197170                  /usr/lib/x86_64-linux-gnu/librt.so.1
7f096a1d8000-7f096a1d9000 r-xp 00001000 103:02 12197170                  /usr/lib/x86_64-linux-gnu/librt.so.1
7f096a1d9000-7f096a1da000 r--p 00002000 103:02 12197170                  /usr/lib/x86_64-linux-gnu/librt.so.1
7f096a1da000-7f096a1db000 r--p 00002000 103:02 12197170                  /usr/lib/x86_64-linux-gnu/librt.so.1
7f096a1db000-7f096a1dc000 rw-p 00003000 103:02 12197170                  /usr/lib/x86_64-linux-gnu/librt.so.1
7f096a1dc000-7f096a1e0000 rw-p 00000000 00:00 0 
7f096a1e0000-7f096a1e1000 r--p 00000000 103:02 12196336                  /usr/lib/x86_64-linux-gnu/libdl.so.2
7f096a1e1000-7f096a1e2000 r-xp 00001000 103:02 12196336                  /usr/lib/x86_64-linux-gnu/libdl.so.2
7f096a1e2000-7f096a1e3000 r--p 00002000 103:02 12196336                  /usr/lib/x86_64-linux-gnu/libdl.so.2
7f096a1e3000-7f096a1e4000 r--p 00002000 103:02 12196336                  /usr/lib/x86_64-linux-gnu/libdl.so.2
7f096a1e4000-7f096a1e5000 rw-p 00003000 103:02 12196336                  /usr/lib/x86_64-linux-gnu/libdl.so.2
7f096a1e5000-7f096a1e6000 r--p 00000000 103:02 12197114                  /usr/lib/x86_64-linux-gnu/libpthread.so.0
7f096a1e6000-7f096a1e7000 r-xp 00001000 103:02 12197114                  /usr/lib/x86_64-linux-gnu/libpthread.so.0
7f096a1e7000-7f096a1e8000 r--p 00002000 103:02 12197114                  /usr/lib/x86_64-linux-gnu/libpthread.so.0
7f096a1e8000-7f096a1e9000 r--p 00002000 103:02 12197114                  /usr/lib/x86_64-linux-gnu/libpthread.so.0
7f096a1e9000-7f096a1ea000 rw-p 00003000 103:02 12197114                  /usr/lib/x86_64-linux-gnu/libpthread.so.0
7f096a1ea000-7f096a1ed000 r--p 00000000 103:02 4121390                   /home/vinic/.p2/pool/plugins/org.eclipse.justj.openjdk.hotspot.jre.full.linux.x86_64_17.0.8.v20230801-1951/jre/lib/libjli.so
7f096a1ed000-7f096a1f7000 r-xp 00003000 103:02 4121390                   /home/vinic/.p2/pool/plugins/org.eclipse.justj.openjdk.hotspot.jre.full.linux.x86_64_17.0.8.v20230801-1951/jre/lib/libjli.so
7f096a1f7000-7f096a1fa000 r--p 0000d000 103:02 4121390                   /home/vinic/.p2/pool/plugins/org.eclipse.justj.openjdk.hotspot.jre.full.linux.x86_64_17.0.8.v20230801-1951/jre/lib/libjli.so
7f096a1fa000-7f096a1fb000 ---p 00010000 103:02 4121390                   /home/vinic/.p2/pool/plugins/org.eclipse.justj.openjdk.hotspot.jre.full.linux.x86_64_17.0.8.v20230801-1951/jre/lib/libjli.so
7f096a1fb000-7f096a1fc000 r--p 00010000 103:02 4121390                   /home/vinic/.p2/pool/plugins/org.eclipse.justj.openjdk.hotspot.jre.full.linux.x86_64_17.0.8.v20230801-1951/jre/lib/libjli.so
7f096a1fc000-7f096a1fd000 rw-p 00011000 103:02 4121390                   /home/vinic/.p2/pool/plugins/org.eclipse.justj.openjdk.hotspot.jre.full.linux.x86_64_17.0.8.v20230801-1951/jre/lib/libjli.so
7f096a1fd000-7f096a1ff000 r--p 00000000 103:02 12189886                  /usr/lib/x86_64-linux-gnu/libz.so.1.2.11
7f096a1ff000-7f096a210000 r-xp 00002000 103:02 12189886                  /usr/lib/x86_64-linux-gnu/libz.so.1.2.11
7f096a210000-7f096a216000 r--p 00013000 103:02 12189886                  /usr/lib/x86_64-linux-gnu/libz.so.1.2.11
7f096a216000-7f096a217000 ---p 00019000 103:02 12189886                  /usr/lib/x86_64-linux-gnu/libz.so.1.2.11
7f096a217000-7f096a218000 r--p 00019000 103:02 12189886                  /usr/lib/x86_64-linux-gnu/libz.so.1.2.11
7f096a218000-7f096a219000 rw-p 0001a000 103:02 12189886                  /usr/lib/x86_64-linux-gnu/libz.so.1.2.11
7f096a219000-7f096a21e000 rw-p 00000000 00:00 0 
7f096a21e000-7f096a225000 ---p 00000000 00:00 0 
7f096a225000-7f096a22d000 rw-s 00000000 103:02 3276819                   /tmp/hsperfdata_vinic/25031
7f096a22d000-7f096a22e000 ---p 00000000 00:00 0 
7f096a22e000-7f096a22f000 r--p 00000000 00:00 0 
7f096a22f000-7f096a231000 rw-p 00000000 00:00 0 
7f096a231000-7f096a233000 r--p 00000000 103:02 12195857                  /usr/lib/x86_64-linux-gnu/ld-linux-x86-64.so.2
7f096a233000-7f096a25d000 r-xp 00002000 103:02 12195857                  /usr/lib/x86_64-linux-gnu/ld-linux-x86-64.so.2
7f096a25d000-7f096a268000 r--p 0002c000 103:02 12195857                  /usr/lib/x86_64-linux-gnu/ld-linux-x86-64.so.2
7f096a268000-7f096a269000 ---p 00000000 00:00 0 
7f096a269000-7f096a26b000 r--p 00037000 103:02 12195857                  /usr/lib/x86_64-linux-gnu/ld-linux-x86-64.so.2
7f096a26b000-7f096a26d000 rw-p 00039000 103:02 12195857                  /usr/lib/x86_64-linux-gnu/ld-linux-x86-64.so.2
7ffd86872000-7ffd86893000 rw-p 00000000 00:00 0                          [stack]
7ffd869b3000-7ffd869b7000 r--p 00000000 00:00 0                          [vvar]
7ffd869b7000-7ffd869b9000 r-xp 00000000 00:00 0                          [vdso]
ffffffffff600000-ffffffffff601000 --xp 00000000 00:00 0                  [vsyscall]


VM Arguments:
jvm_args: -Dfile.encoding=UTF-8 --module-path=/home/vinic/Documents/development/java/ocr/bin:/home/vinic/Documents/development/java/ocr/lib/jna-4.1.0.jar:/home/vinic/Documents/development/java/ocr/lib/tess4j-3.4.8.jar -XX:+ShowCodeDetailsInExceptionMessages -Djdk.module.main=ocr 
java_command: ocr/com.ocr.TestOCR
java_class_path (initial): /home/vinic/Documents/development/java/ocr/lib/commons-io-2.6.jar:/home/vinic/Documents/development/java/ocr/lib/ghost4j-1.0.1.jar:/home/vinic/Documents/development/java/ocr/lib/jai-imageio-core-1.4.0.jar:/home/vinic/Documents/development/java/ocr/lib/jul-to-slf4j-1.7.25.jar:/home/vinic/Documents/development/java/ocr/lib/junit-4.12.jar:/home/vinic/Documents/development/java/ocr/lib/lept4j-1.6.4.jar:/home/vinic/Documents/development/java/ocr/lib/log4j-1.2.17.jar:/home/vinic/Documents/development/java/ocr/lib/log4j-over-slf4j-1.7.25.jar:/home/vinic/Documents/development/java/ocr/lib/logback-classic-1.2.3.jar:/home/vinic/Documents/development/java/ocr/lib/logback-core-1.2.3.jar:/home/vinic/Documents/development/java/ocr/lib/slf4j-api-1.7.25.jar
Launcher Type: SUN_STANDARD

[Global flags]
     intx CICompilerCount                          = 4                                         {product} {ergonomic}
     uint ConcGCThreads                            = 2                                         {product} {ergonomic}
     uint G1ConcRefinementThreads                  = 8                                         {product} {ergonomic}
   size_t G1HeapRegionSize                         = 1048576                                   {product} {ergonomic}
    uintx GCDrainStackTargetSize                   = 64                                        {product} {ergonomic}
   size_t InitialHeapSize                          = 127926272                                 {product} {ergonomic}
   size_t MarkStackSize                            = 4194304                                   {product} {ergonomic}
   size_t MaxHeapSize                              = 2025848832                                {product} {ergonomic}
   size_t MaxNewSize                               = 1215299584                                {product} {ergonomic}
   size_t MinHeapDeltaBytes                        = 1048576                                   {product} {ergonomic}
   size_t MinHeapSize                              = 8388608                                   {product} {ergonomic}
    uintx NonNMethodCodeHeapSize                   = 5839372                                {pd product} {ergonomic}
    uintx NonProfiledCodeHeapSize                  = 122909434                              {pd product} {ergonomic}
    uintx ProfiledCodeHeapSize                     = 122909434                              {pd product} {ergonomic}
    uintx ReservedCodeCacheSize                    = 251658240                              {pd product} {ergonomic}
     bool SegmentedCodeCache                       = true                                      {product} {ergonomic}
     bool ShowCodeDetailsInExceptionMessages       = true                                   {manageable} {command line}
   size_t SoftMaxHeapSize                          = 2025848832                             {manageable} {ergonomic}
     bool UseCompressedClassPointers               = true                           {product lp64_product} {ergonomic}
     bool UseCompressedOops                        = true                           {product lp64_product} {ergonomic}
     bool UseG1GC                                  = true                                      {product} {ergonomic}

Logging:
Log output configuration:
 #0: stdout all=warning uptime,level,tags
 #1: stderr all=off uptime,level,tags

Environment Variables:
PATH=/home/vinic/.local/bin:/usr/local/sbin:/usr/local/bin:/usr/sbin:/usr/bin:/sbin:/bin:/usr/games:/usr/local/games:/snap/bin:/snap/bin
USERNAME=vinic
SHELL=/bin/bash
DISPLAY=:1
LANG=en_US.UTF-8
LC_CTYPE=pt_BR.UTF-8
LC_NUMERIC=pt_BR.UTF-8
LC_TIME=pt_BR.UTF-8

Active Locale:
LC_ALL=LC_CTYPE=pt_BR.UTF-8;LC_NUMERIC=pt_BR.UTF-8;LC_TIME=pt_BR.UTF-8;LC_COLLATE=en_US.UTF-8;LC_MONETARY=pt_BR.UTF-8;LC_MESSAGES=en_US.UTF-8;LC_PAPER=pt_BR.UTF-8;LC_NAME=pt_BR.UTF-8;LC_ADDRESS=pt_BR.UTF-8;LC_TELEPHONE=pt_BR.UTF-8;LC_MEASUREMENT=pt_BR.UTF-8;LC_IDENTIFICATION=pt_BR.UTF-8
LC_COLLATE=en_US.UTF-8
LC_CTYPE=pt_BR.UTF-8
LC_MESSAGES=en_US.UTF-8
LC_MONETARY=pt_BR.UTF-8
LC_NUMERIC=pt_BR.UTF-8
LC_TIME=pt_BR.UTF-8

Signal Handlers:
   SIGSEGV: crash_handler in libjvm.so, mask=11100100010111111101111111111110, flags=SA_RESTART|SA_SIGINFO, unblocked
    SIGBUS: crash_handler in libjvm.so, mask=11100100010111111101111111111110, flags=SA_RESTART|SA_SIGINFO, unblocked
    SIGFPE: crash_handler in libjvm.so, mask=11100100010111111101111111111110, flags=SA_RESTART|SA_SIGINFO, unblocked
   SIGPIPE: javaSignalHandler in libjvm.so, mask=11100100010111111101111111111110, flags=SA_RESTART|SA_SIGINFO, blocked
   SIGXFSZ: javaSignalHandler in libjvm.so, mask=11100100010111111101111111111110, flags=SA_RESTART|SA_SIGINFO, blocked
    SIGILL: crash_handler in libjvm.so, mask=11100100010111111101111111111110, flags=SA_RESTART|SA_SIGINFO, unblocked
   SIGUSR2: SR_handler in libjvm.so, mask=00100000000000000000000000000000, flags=SA_RESTART|SA_SIGINFO, blocked
    SIGHUP: UserHandler in libjvm.so, mask=11100100010111111101111111111110, flags=SA_RESTART|SA_SIGINFO, blocked
    SIGINT: UserHandler in libjvm.so, mask=11100100010111111101111111111110, flags=SA_RESTART|SA_SIGINFO, blocked
   SIGTERM: UserHandler in libjvm.so, mask=11100100010111111101111111111110, flags=SA_RESTART|SA_SIGINFO, blocked
   SIGQUIT: UserHandler in libjvm.so, mask=11100100010111111101111111111110, flags=SA_RESTART|SA_SIGINFO, blocked
   SIGTRAP: crash_handler in libjvm.so, mask=11100100010111111101111111111110, flags=SA_RESTART|SA_SIGINFO, unblocked


---------------  S Y S T E M  ---------------

OS:
DISTRIB_ID=Ubuntu
DISTRIB_RELEASE=22.04
DISTRIB_CODENAME=jammy
DISTRIB_DESCRIPTION="Ubuntu 22.04.2 LTS"
uname: Linux 6.2.0-26-generic #26~22.04.1-Ubuntu SMP PREEMPT_DYNAMIC Thu Jul 13 16:27:29 UTC 2 x86_64
OS uptime: 0 days 2:12 hours
libc: glibc 2.35 NPTL 2.35 
rlimit (soft/hard): STACK 8192k/infinity , CORE 0k/infinity , NPROC 30578/30578 , NOFILE 1048576/1048576 , AS infinity/infinity , CPU infinity/infinity , DATA infinity/infinity , FSIZE infinity/infinity , MEMLOCK 988888k/988888k
load average: 0,50 0,56 0,72

/proc/meminfo:
MemTotal:        7911108 kB
MemFree:          327380 kB
MemAvailable:    2076008 kB
Buffers:           93404 kB
Cached:          1859888 kB
SwapCached:         3384 kB
Active:          1258428 kB
Inactive:        5511332 kB
Active(anon):      76208 kB
Inactive(anon):  4855908 kB
Active(file):    1182220 kB
Inactive(file):   655424 kB
Unevictable:         856 kB
Mlocked:              48 kB
SwapTotal:       2097148 kB
SwapFree:        2023164 kB
Zswap:                 0 kB
Zswapped:              0 kB
Dirty:               700 kB
Writeback:             0 kB
AnonPages:       4816580 kB
Mapped:           692244 kB
Shmem:            118720 kB
KReclaimable:     221140 kB
Slab:             458768 kB
SReclaimable:     221140 kB
SUnreclaim:       237628 kB
KernelStack:       22876 kB
PageTables:        46692 kB
SecPageTables:         0 kB
NFS_Unstable:          0 kB
Bounce:                0 kB
WritebackTmp:          0 kB
CommitLimit:     6052700 kB
Committed_AS:   11549036 kB
VmallocTotal:   34359738367 kB
VmallocUsed:      125704 kB
VmallocChunk:          0 kB
Percpu:             7680 kB
HardwareCorrupted:     0 kB
AnonHugePages:      2048 kB
ShmemHugePages:        0 kB
ShmemPmdMapped:        0 kB
FileHugePages:         0 kB
FilePmdMapped:         0 kB
HugePages_Total:       0
HugePages_Free:        0
HugePages_Rsvd:        0
HugePages_Surp:        0
Hugepagesize:       2048 kB
Hugetlb:               0 kB
DirectMap4k:      651408 kB
DirectMap2M:     7524352 kB
DirectMap1G:     1048576 kB

/sys/kernel/mm/transparent_hugepage/enabled: always [madvise] never
/sys/kernel/mm/transparent_hugepage/defrag (defrag/compaction efforts parameter): always defer defer+madvise [madvise] never

Process Memory:
Virtual Size: 4878412K (peak: 4878412K)
Resident Set Size: 94504K (peak: 94504K) (anon: 55208K, file: 39296K, shmem: 0K)
Swapped out: 0K
C-Heap outstanding allocations: 39527K, retained: 2284K
glibc malloc tunables: (default)

/proc/sys/kernel/threads-max (system-wide limit on the number of threads): 61156
/proc/sys/vm/max_map_count (maximum number of memory map areas a process may have): 65530
/proc/sys/kernel/pid_max (system-wide limit on number of process identifiers): 4194304

container (cgroup) information:
container_type: cgroupv2
cpu_cpuset_cpus: not supported
cpu_memory_nodes: not supported
active_processor_count: 8
cpu_quota: not supported
cpu_period: not supported
cpu_shares: not supported
memory_limit_in_bytes: unlimited
memory_and_swap_limit_in_bytes: unlimited
memory_soft_limit_in_bytes: unlimited
memory_usage_in_bytes: 2774548 k
memory_max_usage_in_bytes: not supported
memory_swap_current_in_bytes: 44640 k
memory_swap_max_limit_in_bytes: unlimited
maximum number of tasks: 9173
current number of tasks: 184

Steal ticks since vm start: 0
Steal ticks percentage since vm start:  0,000

CPU: total 8 (initial active 8) (4 cores per cpu, 2 threads per core) family 6 model 165 stepping 2 microcode 0xf4, cx8, cmov, fxsr, ht, mmx, 3dnowpref, sse, sse2, sse3, ssse3, sse4.1, sse4.2, popcnt, lzcnt, tsc, tscinvbit, avx, avx2, aes, erms, clmul, bmi1, bmi2, adx, fma, vzeroupper, clflush, clflushopt
CPU Model and flags from /proc/cpuinfo:
model name	: Intel(R) Core(TM) i5-10300H CPU @ 2.50GHz
flags		: fpu vme de pse tsc msr pae mce cx8 apic sep mtrr pge mca cmov pat pse36 clflush dts acpi mmx fxsr sse sse2 ss ht tm pbe syscall nx pdpe1gb rdtscp lm constant_tsc art arch_perfmon pebs bts rep_good nopl xtopology nonstop_tsc cpuid aperfmperf pni pclmulqdq dtes64 monitor ds_cpl vmx est tm2 ssse3 sdbg fma cx16 xtpr pdcm pcid sse4_1 sse4_2 x2apic movbe popcnt tsc_deadline_timer aes xsave avx f16c rdrand lahf_lm abm 3dnowprefetch cpuid_fault epb invpcid_single ssbd ibrs ibpb stibp ibrs_enhanced tpr_shadow vnmi flexpriority ept vpid ept_ad fsgsbase tsc_adjust bmi1 avx2 smep bmi2 erms invpcid mpx rdseed adx smap clflushopt intel_pt xsaveopt xsavec xgetbv1 xsaves dtherm ida arat pln pts hwp hwp_notify hwp_act_window hwp_epp pku ospke md_clear flush_l1d arch_capabilities

Online cpus: 0-7
Offline cpus: 
BIOS frequency limitation: <Not Available>
Frequency switch latency (ns): 0
Available cpu frequencies: <Not Available>
Current governor: powersave
Core performance/turbo boost: <Not Available>

Memory: 4k page, physical 7911108k(327380k free), swap 2097148k(2023164k free)
Page Sizes: 4k

vm_info: OpenJDK 64-Bit Server VM (17.0.8+7) for linux-amd64 JRE (17.0.8+7), built on Jul 18 2023 00:00:00 by "admin" with gcc 10.3.0

END.
